{"meta": {"format": 3, "version": "7.9.2", "timestamp": "2026-04-01T10:31:50.044837", "branch_coverage": false, "show_contexts": false}, "files": {"tools/muscle/__init__.py": {"executed_lines": [0], "summary": {"covered_lines": 0, "num_statements": 0, "percent_covered": 100.0, "percent_covered_display": "100", "missing_lines": 0, "excluded_lines": 0}, "missing_lines": [], "excluded_lines": [], "functions": {"": {"executed_lines": [], "summary": {"covered_lines": 0, "num_statements": 0, "percent_covered": 100.0, "percent_covered_display": "100", "missing_lines": 0, "excluded_lines": 0}, "missing_lines": [], "excluded_lines": []}}, "classes": {"": {"executed_lines": [], "summary": {"covered_lines": 0, "num_statements": 0, "percent_covered": 100.0, "percent_covered_display": "100", "missing_lines": 0, "excluded_lines": 0}, "missing_lines": [], "excluded_lines": []}}}, "tools/muscle/adapters/__init__.py": {"executed_lines": [0], "summary": {"covered_lines": 0, "num_statements": 0, "percent_covered": 100.0, "percent_covered_display": "100", "missing_lines": 0, "excluded_lines": 0}, "missing_lines": [], "excluded_lines": [], "functions": {"": {"executed_lines": [], "summary": {"covered_lines": 0, "num_statements": 0, "percent_covered": 100.0, "percent_covered_display": "100", "missing_lines": 0, "excluded_lines": 0}, "missing_lines": [], "excluded_lines": []}}, "classes": {"": {"executed_lines": [], "summary": {"covered_lines": 0, "num_statements": 0, "percent_covered": 100.0, "percent_covered_display": "100", "missing_lines": 0, "excluded_lines": 0}, "missing_lines": [], "excluded_lines": []}}}, "tools/muscle/adapters/git_adapter.py": {"executed_lines": [1, 11, 12, 13, 15, 18, 19, 20, 22, 24, 27, 29, 31, 34, 36, 38, 44, 46, 48, 51, 53, 55, 58, 59, 62, 63, 65, 67, 68, 69, 75, 77, 79, 80, 82, 83, 85, 87, 90], "summary": {"covered_lines": 38, "num_statements": 39, "percent_covered": 97.43589743589743, "percent_covered_display": "97", "missing_lines": 1, "excluded_lines": 0}, "missing_lines": [81], "excluded_lines": [], "functions": {"GitAdapter.__init__": {"executed_lines": [20], "summary": {"covered_lines": 1, "num_statements": 1, "percent_covered": 100.0, "percent_covered_display": "100", "missing_lines": 0, "excluded_lines": 0}, "missing_lines": [], "excluded_lines": []}, "GitAdapter.is_git_repo": {"executed_lines": [24, 27], "summary": {"covered_lines": 2, "num_statements": 2, "percent_covered": 100.0, "percent_covered_display": "100", "missing_lines": 0, "excluded_lines": 0}, "missing_lines": [], "excluded_lines": []}, "GitAdapter.get_current_branch": {"executed_lines": [31, 34], "summary": {"covered_lines": 2, "num_statements": 2, "percent_covered": 100.0, "percent_covered_display": "100", "missing_lines": 0, "excluded_lines": 0}, "missing_lines": [], "excluded_lines": []}, "GitAdapter.create_branch": {"executed_lines": [38, 44], "summary": {"covered_lines": 2, "num_statements": 2, "percent_covered": 100.0, "percent_covered_display": "100", "missing_lines": 0, "excluded_lines": 0}, "missing_lines": [], "excluded_lines": []}, "GitAdapter.add_files": {"executed_lines": [48, 51], "summary": {"covered_lines": 2, "num_statements": 2, "percent_covered": 100.0, "percent_covered_display": "100", "missing_lines": 0, "excluded_lines": 0}, "missing_lines": [], "excluded_lines": []}, "GitAdapter.commit": {"executed_lines": [55, 58, 59, 62, 63], "summary": {"covered_lines": 5, "num_statements": 5, "percent_covered": 100.0, "percent_covered_display": "100", "missing_lines": 0, "excluded_lines": 0}, "missing_lines": [], "excluded_lines": []}, "GitAdapter.push": {"executed_lines": [67, 68, 69, 75], "summary": {"covered_lines": 4, "num_statements": 4, "percent_covered": 100.0, "percent_covered_display": "100", "missing_lines": 0, "excluded_lines": 0}, "missing_lines": [], "excluded_lines": []}, "GitAdapter.get_diff": {"executed_lines": [79, 80, 82, 83], "summary": {"covered_lines": 4, "num_statements": 5, "percent_covered": 80.0, "percent_covered_display": "80", "missing_lines": 1, "excluded_lines": 0}, "missing_lines": [81], "excluded_lines": []}, "GitAdapter.checkout": {"executed_lines": [87, 90], "summary": {"covered_lines": 2, "num_statements": 2, "percent_covered": 100.0, "percent_covered_display": "100", "missing_lines": 0, "excluded_lines": 0}, "missing_lines": [], "excluded_lines": []}, "": {"executed_lines": [1, 11, 12, 13, 15, 18, 19, 22, 29, 36, 46, 53, 65, 77, 85], "summary": {"covered_lines": 14, "num_statements": 14, "percent_covered": 100.0, "percent_covered_display": "100", "missing_lines": 0, "excluded_lines": 0}, "missing_lines": [], "excluded_lines": []}}, "classes": {"GitAdapter": {"executed_lines": [20, 24, 27, 31, 34, 38, 44, 48, 51, 55, 58, 59, 62, 63, 67, 68, 69, 75, 79, 80, 82, 83, 87, 90], "summary": {"covered_lines": 24, "num_statements": 25, "percent_covered": 96.0, "percent_covered_display": "96", "missing_lines": 1, "excluded_lines": 0}, "missing_lines": [81], "excluded_lines": []}, "": {"executed_lines": [1, 11, 12, 13, 15, 18, 19, 22, 29, 36, 46, 53, 65, 77, 85], "summary": {"covered_lines": 14, "num_statements": 14, "percent_covered": 100.0, "percent_covered_display": "100", "missing_lines": 0, "excluded_lines": 0}, "missing_lines": [], "excluded_lines": []}}}, "tools/muscle/adapters/github.py": {"executed_lines": [1, 7, 9, 10, 11, 13, 15, 18, 19, 20, 21, 22, 24, 25, 26, 27, 28, 30, 37, 38, 39, 41, 43, 50, 52, 53, 55, 56, 58, 59, 60, 62, 63, 65, 66, 69, 75, 76, 78, 80, 85, 87, 89, 91, 99, 102, 104, 110, 112, 115, 117, 118, 121, 122, 125, 127, 129, 130, 133, 134, 137, 139, 141, 142, 144, 145, 146, 149, 175, 176, 179, 181, 183, 184, 187, 194, 198, 200, 205, 207, 210, 212, 213, 218, 219, 222, 224, 226, 228, 229, 232], "summary": {"covered_lines": 90, "num_statements": 127, "percent_covered": 70.86614173228347, "percent_covered_display": "71", "missing_lines": 37, "excluded_lines": 0}, "missing_lines": [67, 88, 100, 111, 113, 119, 123, 131, 135, 147, 156, 157, 159, 161, 163, 169, 171, 172, 173, 177, 185, 195, 196, 206, 208, 215, 216, 220, 230, 233, 234, 236, 238, 240, 242, 243, 244], "excluded_lines": [], "functions": {"GitHubAdapter.__init__": {"executed_lines": [20, 21, 22], "summary": {"covered_lines": 3, "num_statements": 3, "percent_covered": 100.0, "percent_covered_display": "100", "missing_lines": 0, "excluded_lines": 0}, "missing_lines": [], "excluded_lines": []}, "GitHubAdapter._get_headers": {"executed_lines": [25, 26, 27, 28], "summary": {"covered_lines": 4, "num_statements": 4, "percent_covered": 100.0, "percent_covered_display": "100", "missing_lines": 0, "excluded_lines": 0}, "missing_lines": [], "excluded_lines": []}, "GitHubAdapter.create_pull_request": {"executed_lines": [37, 38, 39, 41, 43, 50, 52, 53, 55, 56], "summary": {"covered_lines": 10, "num_statements": 10, "percent_covered": 100.0, "percent_covered_display": "100", "missing_lines": 0, "excluded_lines": 0}, "missing_lines": [], "excluded_lines": []}, "GitHubAdapter.get_pull_request": {"executed_lines": [59, 60, 62, 63, 65, 66], "summary": {"covered_lines": 6, "num_statements": 7, "percent_covered": 85.71428571428571, "percent_covered_display": "86", "missing_lines": 1, "excluded_lines": 0}, "missing_lines": [67], "excluded_lines": []}, "GitHubAdapter.create_review": {"executed_lines": [75, 76, 78, 80, 85, 87, 89], "summary": {"covered_lines": 7, "num_statements": 8, "percent_covered": 87.5, "percent_covered_display": "88", "missing_lines": 1, "excluded_lines": 0}, "missing_lines": [88], "excluded_lines": []}, "GitHubAdapter.create_check_run": {"executed_lines": [99, 102, 104, 110, 112, 115, 117, 118], "summary": {"covered_lines": 8, "num_statements": 12, "percent_covered": 66.66666666666667, "percent_covered_display": "67", "missing_lines": 4, "excluded_lines": 0}, "missing_lines": [100, 111, 113, 119], "excluded_lines": []}, "GitHubAdapter.update_check_run": {"executed_lines": [122, 125, 127, 129, 130], "summary": {"covered_lines": 5, "num_statements": 7, "percent_covered": 71.42857142857143, "percent_covered_display": "71", "missing_lines": 2, "excluded_lines": 0}, "missing_lines": [123, 131], "excluded_lines": []}, "GitHubAdapter.get_file_content": {"executed_lines": [134, 137, 139, 141, 142, 144, 145, 146], "summary": {"covered_lines": 8, "num_statements": 10, "percent_covered": 80.0, "percent_covered_display": "80", "missing_lines": 2, "excluded_lines": 0}, "missing_lines": [135, 147], "excluded_lines": []}, "GitHubAdapter.create_commit": {"executed_lines": [], "summary": {"covered_lines": 0, "num_statements": 9, "percent_covered": 0.0, "percent_covered_display": "0", "missing_lines": 9, "excluded_lines": 0}, "missing_lines": [156, 157, 159, 161, 163, 169, 171, 172, 173], "excluded_lines": []}, "GitHubAdapter.download_artifact": {"executed_lines": [176, 179, 181, 183, 184], "summary": {"covered_lines": 5, "num_statements": 7, "percent_covered": 71.42857142857143, "percent_covered_display": "71", "missing_lines": 2, "excluded_lines": 0}, "missing_lines": [177, 185], "excluded_lines": []}, "GitHubAdapter.create_issue": {"executed_lines": [194, 198, 200, 205, 207, 210, 212, 213], "summary": {"covered_lines": 8, "num_statements": 14, "percent_covered": 57.142857142857146, "percent_covered_display": "57", "missing_lines": 6, "excluded_lines": 0}, "missing_lines": [195, 196, 206, 208, 215, 216], "excluded_lines": []}, "GitHubAdapter.create_issue_comment": {"executed_lines": [219, 222, 224, 226, 228, 229], "summary": {"covered_lines": 6, "num_statements": 8, "percent_covered": 75.0, "percent_covered_display": "75", "missing_lines": 2, "excluded_lines": 0}, "missing_lines": [220, 230], "excluded_lines": []}, "GitHubAdapter.add_labels": {"executed_lines": [], "summary": {"covered_lines": 0, "num_statements": 8, "percent_covered": 0.0, "percent_covered_display": "0", "missing_lines": 8, "excluded_lines": 0}, "missing_lines": [233, 234, 236, 238, 240, 242, 243, 244], "excluded_lines": []}, "": {"executed_lines": [1, 7, 9, 10, 11, 13, 15, 18, 19, 24, 30, 58, 69, 91, 121, 133, 149, 175, 187, 218, 232], "summary": {"covered_lines": 20, "num_statements": 20, "percent_covered": 100.0, "percent_covered_display": "100", "missing_lines": 0, "excluded_lines": 0}, "missing_lines": [], "excluded_lines": []}}, "classes": {"GitHubAdapter": {"executed_lines": [20, 21, 22, 25, 26, 27, 28, 37, 38, 39, 41, 43, 50, 52, 53, 55, 56, 59, 60, 62, 63, 65, 66, 75, 76, 78, 80, 85, 87, 89, 99, 102, 104, 110, 112, 115, 117, 118, 122, 125, 127, 129, 130, 134, 137, 139, 141, 142, 144, 145, 146, 176, 179, 181, 183, 184, 194, 198, 200, 205, 207, 210, 212, 213, 219, 222, 224, 226, 228, 229], "summary": {"covered_lines": 70, "num_statements": 107, "percent_covered": 65.42056074766356, "percent_covered_display": "65", "missing_lines": 37, "excluded_lines": 0}, "missing_lines": [67, 88, 100, 111, 113, 119, 123, 131, 135, 147, 156, 157, 159, 161, 163, 169, 171, 172, 173, 177, 185, 195, 196, 206, 208, 215, 216, 220, 230, 233, 234, 236, 238, 240, 242, 243, 244], "excluded_lines": []}, "": {"executed_lines": [1, 7, 9, 10, 11, 13, 15, 18, 19, 24, 30, 58, 69, 91, 121, 133, 149, 175, 187, 218, 232], "summary": {"covered_lines": 20, "num_statements": 20, "percent_covered": 100.0, "percent_covered_display": "100", "missing_lines": 0, "excluded_lines": 0}, "missing_lines": [], "excluded_lines": []}}}, "tools/muscle/adapters/github_integration.py": {"executed_lines": [1, 16, 18, 19, 20, 21, 23, 24, 26, 29, 30, 31, 32, 33, 34, 35, 36, 39, 40, 46, 47, 48, 49, 51, 53, 54, 56, 57, 74, 75, 76, 78, 79, 81, 85, 86, 101, 104, 109, 113, 118, 125, 128, 129, 130, 153, 162, 180, 182, 185, 186, 188, 194, 195, 196, 203, 253, 276, 278, 279, 281], "summary": {"covered_lines": 60, "num_statements": 128, "percent_covered": 46.875, "percent_covered_display": "47", "missing_lines": 68, "excluded_lines": 0}, "missing_lines": [58, 60, 68, 69, 70, 71, 73, 80, 82, 83, 102, 105, 106, 107, 110, 111, 126, 132, 133, 135, 137, 144, 145, 146, 148, 149, 150, 151, 154, 155, 156, 157, 158, 159, 160, 163, 183, 198, 199, 200, 201, 209, 210, 212, 214, 215, 216, 217, 237, 244, 245, 246, 248, 249, 251, 260, 261, 263, 264, 265, 266, 267, 268, 270, 271, 272, 273, 274], "excluded_lines": [], "functions": {"GitHubIntegration.__init__": {"executed_lines": [46, 47, 48, 49], "summary": {"covered_lines": 4, "num_statements": 4, "percent_covered": 100.0, "percent_covered_display": "100", "missing_lines": 0, "excluded_lines": 0}, "missing_lines": [], "excluded_lines": []}, "GitHubIntegration.post_review_as_check": {"executed_lines": [53, 54, 56, 57, 74, 75, 76], "summary": {"covered_lines": 7, "num_statements": 14, "percent_covered": 50.0, "percent_covered_display": "50", "missing_lines": 7, "excluded_lines": 0}, "missing_lines": [58, 60, 68, 69, 70, 71, 73], "excluded_lines": []}, "GitHubIntegration._get_check_conclusion": {"executed_lines": [79, 81], "summary": {"covered_lines": 2, "num_statements": 5, "percent_covered": 40.0, "percent_covered_display": "40", "missing_lines": 3, "excluded_lines": 0}, "missing_lines": [80, 82, 83], "excluded_lines": []}, "GitHubIntegration._format_review_output": {"executed_lines": [86, 101, 104, 109, 113], "summary": {"covered_lines": 5, "num_statements": 11, "percent_covered": 45.45454545454545, "percent_covered_display": "45", "missing_lines": 6, "excluded_lines": 0}, "missing_lines": [102, 105, 106, 107, 110, 111], "excluded_lines": []}, "GitHubIntegration.create_fix_pr": {"executed_lines": [125, 128, 129, 130], "summary": {"covered_lines": 4, "num_statements": 16, "percent_covered": 25.0, "percent_covered_display": "25", "missing_lines": 12, "excluded_lines": 0}, "missing_lines": [126, 132, 133, 135, 137, 144, 145, 146, 148, 149, 150, 151], "excluded_lines": []}, "GitHubIntegration._format_fixes_markdown": {"executed_lines": [], "summary": {"covered_lines": 0, "num_statements": 7, "percent_covered": 0.0, "percent_covered_display": "0", "missing_lines": 7, "excluded_lines": 0}, "missing_lines": [154, 155, 156, 157, 158, 159, 160], "excluded_lines": []}, "GitHubIntegration._format_pr_body": {"executed_lines": [], "summary": {"covered_lines": 0, "num_statements": 1, "percent_covered": 0.0, "percent_covered_display": "0", "missing_lines": 1, "excluded_lines": 0}, "missing_lines": [163], "excluded_lines": []}, "GitHubIntegration.post_review_comment": {"executed_lines": [182, 185, 186, 188, 194, 195, 196], "summary": {"covered_lines": 7, "num_statements": 12, "percent_covered": 58.333333333333336, "percent_covered_display": "58", "missing_lines": 5, "excluded_lines": 0}, "missing_lines": [183, 198, 199, 200, 201], "excluded_lines": []}, "GitHubIntegration.create_issues_for_unfixed": {"executed_lines": [], "summary": {"covered_lines": 0, "num_statements": 14, "percent_covered": 0.0, "percent_covered_display": "0", "missing_lines": 14, "excluded_lines": 0}, "missing_lines": [209, 210, 212, 214, 215, 216, 217, 237, 244, 245, 246, 248, 249, 251], "excluded_lines": []}, "GitHubIntegration.update_review_status": {"executed_lines": [], "summary": {"covered_lines": 0, "num_statements": 13, "percent_covered": 0.0, "percent_covered_display": "0", "missing_lines": 13, "excluded_lines": 0}, "missing_lines": [260, 261, 263, 264, 265, 266, 267, 268, 270, 271, 272, 273, 274], "excluded_lines": []}, "GitHubIntegration.should_block_merge": {"executed_lines": [278, 279, 281], "summary": {"covered_lines": 3, "num_statements": 3, "percent_covered": 100.0, "percent_covered_display": "100", "missing_lines": 0, "excluded_lines": 0}, "missing_lines": [], "excluded_lines": []}, "": {"executed_lines": [1, 16, 18, 19, 20, 21, 23, 24, 26, 29, 30, 31, 32, 33, 34, 35, 36, 39, 40, 51, 78, 85, 118, 153, 162, 180, 203, 253, 276], "summary": {"covered_lines": 28, "num_statements": 28, "percent_covered": 100.0, "percent_covered_display": "100", "missing_lines": 0, "excluded_lines": 0}, "missing_lines": [], "excluded_lines": []}}, "classes": {"GitHubIntegrationConfig": {"executed_lines": [], "summary": {"covered_lines": 0, "num_statements": 0, "percent_covered": 100.0, "percent_covered_display": "100", "missing_lines": 0, "excluded_lines": 0}, "missing_lines": [], "excluded_lines": []}, "GitHubIntegration": {"executed_lines": [46, 47, 48, 49, 53, 54, 56, 57, 74, 75, 76, 79, 81, 86, 101, 104, 109, 113, 125, 128, 129, 130, 182, 185, 186, 188, 194, 195, 196, 278, 279, 281], "summary": {"covered_lines": 32, "num_statements": 100, "percent_covered": 32.0, "percent_covered_display": "32", "missing_lines": 68, "excluded_lines": 0}, "missing_lines": [58, 60, 68, 69, 70, 71, 73, 80, 82, 83, 102, 105, 106, 107, 110, 111, 126, 132, 133, 135, 137, 144, 145, 146, 148, 149, 150, 151, 154, 155, 156, 157, 158, 159, 160, 163, 183, 198, 199, 200, 201, 209, 210, 212, 214, 215, 216, 217, 237, 244, 245, 246, 248, 249, 251, 260, 261, 263, 264, 265, 266, 267, 268, 270, 271, 272, 273, 274], "excluded_lines": []}, "": {"executed_lines": [1, 16, 18, 19, 20, 21, 23, 24, 26, 29, 30, 31, 32, 33, 34, 35, 36, 39, 40, 51, 78, 85, 118, 153, 162, 180, 203, 253, 276], "summary": {"covered_lines": 28, "num_statements": 28, "percent_covered": 100.0, "percent_covered_display": "100", "missing_lines": 0, "excluded_lines": 0}, "missing_lines": [], "excluded_lines": []}}}, "tools/muscle/adapters/gitlab.py": {"executed_lines": [1, 7, 9, 10, 11, 13, 15, 18, 19, 25, 26, 27, 29, 30, 31, 32, 33, 35, 42, 43, 44, 46, 48, 55, 57, 58, 63, 64, 65, 67, 69, 71, 72, 75, 80, 83, 85, 87, 89, 90, 93, 98, 101, 103, 104, 107, 109, 110, 113, 114, 117, 119, 121, 122, 125, 146, 151, 154, 156, 158, 159], "summary": {"covered_lines": 60, "num_statements": 80, "percent_covered": 75.0, "percent_covered_display": "75", "missing_lines": 20, "excluded_lines": 0}, "missing_lines": [60, 61, 73, 81, 91, 99, 105, 111, 115, 123, 130, 131, 133, 135, 140, 142, 143, 144, 152, 160], "excluded_lines": [], "functions": {"GitLabAdapter.__init__": {"executed_lines": [25, 26, 27], "summary": {"covered_lines": 3, "num_statements": 3, "percent_covered": 100.0, "percent_covered_display": "100", "missing_lines": 0, "excluded_lines": 0}, "missing_lines": [], "excluded_lines": []}, "GitLabAdapter._get_headers": {"executed_lines": [30, 31, 32, 33], "summary": {"covered_lines": 4, "num_statements": 4, "percent_covered": 100.0, "percent_covered_display": "100", "missing_lines": 0, "excluded_lines": 0}, "missing_lines": [], "excluded_lines": []}, "GitLabAdapter.create_merge_request": {"executed_lines": [42, 43, 44, 46, 48, 55, 57, 58], "summary": {"covered_lines": 8, "num_statements": 10, "percent_covered": 80.0, "percent_covered_display": "80", "missing_lines": 2, "excluded_lines": 0}, "missing_lines": [60, 61], "excluded_lines": []}, "GitLabAdapter.get_merge_request": {"executed_lines": [64, 65, 67, 69, 71, 72], "summary": {"covered_lines": 6, "num_statements": 7, "percent_covered": 85.71428571428571, "percent_covered_display": "86", "missing_lines": 1, "excluded_lines": 0}, "missing_lines": [73], "excluded_lines": []}, "GitLabAdapter.create_note": {"executed_lines": [80, 83, 85, 87, 89, 90], "summary": {"covered_lines": 6, "num_statements": 8, "percent_covered": 75.0, "percent_covered_display": "75", "missing_lines": 2, "excluded_lines": 0}, "missing_lines": [81, 91], "excluded_lines": []}, "GitLabAdapter.create_pipeline": {"executed_lines": [98, 101, 103, 104, 107, 109, 110], "summary": {"covered_lines": 7, "num_statements": 10, "percent_covered": 70.0, "percent_covered_display": "70", "missing_lines": 3, "excluded_lines": 0}, "missing_lines": [99, 105, 111], "excluded_lines": []}, "GitLabAdapter.get_pipeline_status": {"executed_lines": [114, 117, 119, 121, 122], "summary": {"covered_lines": 5, "num_statements": 7, "percent_covered": 71.42857142857143, "percent_covered_display": "71", "missing_lines": 2, "excluded_lines": 0}, "missing_lines": [115, 123], "excluded_lines": []}, "GitLabAdapter.create_job": {"executed_lines": [], "summary": {"covered_lines": 0, "num_statements": 8, "percent_covered": 0.0, "percent_covered_display": "0", "missing_lines": 8, "excluded_lines": 0}, "missing_lines": [130, 131, 133, 135, 140, 142, 143, 144], "excluded_lines": []}, "GitLabAdapter.download_artifact": {"executed_lines": [151, 154, 156, 158, 159], "summary": {"covered_lines": 5, "num_statements": 7, "percent_covered": 71.42857142857143, "percent_covered_display": "71", "missing_lines": 2, "excluded_lines": 0}, "missing_lines": [152, 160], "excluded_lines": []}, "": {"executed_lines": [1, 7, 9, 10, 11, 13, 15, 18, 19, 29, 35, 63, 75, 93, 113, 125, 146], "summary": {"covered_lines": 16, "num_statements": 16, "percent_covered": 100.0, "percent_covered_display": "100", "missing_lines": 0, "excluded_lines": 0}, "missing_lines": [], "excluded_lines": []}}, "classes": {"GitLabAdapter": {"executed_lines": [25, 26, 27, 30, 31, 32, 33, 42, 43, 44, 46, 48, 55, 57, 58, 64, 65, 67, 69, 71, 72, 80, 83, 85, 87, 89, 90, 98, 101, 103, 104, 107, 109, 110, 114, 117, 119, 121, 122, 151, 154, 156, 158, 159], "summary": {"covered_lines": 44, "num_statements": 64, "percent_covered": 68.75, "percent_covered_display": "69", "missing_lines": 20, "excluded_lines": 0}, "missing_lines": [60, 61, 73, 81, 91, 99, 105, 111, 115, 123, 130, 131, 133, 135, 140, 142, 143, 144, 152, 160], "excluded_lines": []}, "": {"executed_lines": [1, 7, 9, 10, 11, 13, 15, 18, 19, 29, 35, 63, 75, 93, 113, 125, 146], "summary": {"covered_lines": 16, "num_statements": 16, "percent_covered": 100.0, "percent_covered_display": "100", "missing_lines": 0, "excluded_lines": 0}, "missing_lines": [], "excluded_lines": []}}}, "tools/muscle/adapters/jenkins.py": {"executed_lines": [1, 7, 9, 10, 11, 12, 14, 16, 19, 20, 26, 27, 28, 29, 30, 32, 33, 34, 35, 37, 38, 39, 41, 43, 45, 46, 49, 50, 53, 55, 57, 58, 61, 73, 79, 82, 86, 87, 89, 92, 94, 95, 96, 97, 102, 103, 104, 105, 108, 134, 140, 141, 144, 145, 146, 147, 150, 151, 152, 155, 161, 164, 166, 168], "summary": {"covered_lines": 63, "num_statements": 96, "percent_covered": 65.625, "percent_covered_display": "66", "missing_lines": 33, "excluded_lines": 0}, "missing_lines": [47, 51, 59, 62, 63, 65, 67, 69, 70, 71, 80, 83, 84, 90, 99, 100, 106, 115, 117, 119, 120, 121, 122, 123, 125, 126, 127, 128, 130, 132, 142, 153, 162], "excluded_lines": [], "functions": {"JenkinsAdapter.__init__": {"executed_lines": [26, 27, 28, 29, 30], "summary": {"covered_lines": 5, "num_statements": 5, "percent_covered": 100.0, "percent_covered_display": "100", "missing_lines": 0, "excluded_lines": 0}, "missing_lines": [], "excluded_lines": []}, "JenkinsAdapter._authenticate": {"executed_lines": [33, 34, 35], "summary": {"covered_lines": 3, "num_statements": 3, "percent_covered": 100.0, "percent_covered_display": "100", "missing_lines": 0, "excluded_lines": 0}, "missing_lines": [], "excluded_lines": []}, "JenkinsAdapter.get_job_info": {"executed_lines": [38, 39, 41, 43, 45, 46], "summary": {"covered_lines": 6, "num_statements": 7, "percent_covered": 85.71428571428571, "percent_covered_display": "86", "missing_lines": 1, "excluded_lines": 0}, "missing_lines": [47], "excluded_lines": []}, "JenkinsAdapter.get_build_info": {"executed_lines": [50, 53, 55, 57, 58], "summary": {"covered_lines": 5, "num_statements": 7, "percent_covered": 71.42857142857143, "percent_covered_display": "71", "missing_lines": 2, "excluded_lines": 0}, "missing_lines": [51, 59], "excluded_lines": []}, "JenkinsAdapter.get_build_console_output": {"executed_lines": [], "summary": {"covered_lines": 0, "num_statements": 7, "percent_covered": 0.0, "percent_covered_display": "0", "missing_lines": 7, "excluded_lines": 0}, "missing_lines": [62, 63, 65, 67, 69, 70, 71], "excluded_lines": []}, "JenkinsAdapter.trigger_build": {"executed_lines": [79, 82, 86, 87, 89, 92, 94, 95, 96, 97], "summary": {"covered_lines": 10, "num_statements": 16, "percent_covered": 62.5, "percent_covered_display": "62", "missing_lines": 6, "excluded_lines": 0}, "missing_lines": [80, 83, 84, 90, 99, 100], "excluded_lines": []}, "JenkinsAdapter._get_build_number_from_queue": {"executed_lines": [103, 104, 105], "summary": {"covered_lines": 3, "num_statements": 4, "percent_covered": 75.0, "percent_covered_display": "75", "missing_lines": 1, "excluded_lines": 0}, "missing_lines": [106], "excluded_lines": []}, "JenkinsAdapter.wait_for_build": {"executed_lines": [], "summary": {"covered_lines": 0, "num_statements": 13, "percent_covered": 0.0, "percent_covered_display": "0", "missing_lines": 13, "excluded_lines": 0}, "missing_lines": [115, 117, 119, 120, 121, 122, 123, 125, 126, 127, 128, 130, 132], "excluded_lines": []}, "JenkinsAdapter.get_artifact": {"executed_lines": [140, 141, 144, 145, 146, 147, 150, 151, 152], "summary": {"covered_lines": 9, "num_statements": 11, "percent_covered": 81.81818181818181, "percent_covered_display": "82", "missing_lines": 2, "excluded_lines": 0}, "missing_lines": [142, 153], "excluded_lines": []}, "JenkinsAdapter.create_or_update_build_description": {"executed_lines": [161, 164, 166, 168], "summary": {"covered_lines": 4, "num_statements": 5, "percent_covered": 80.0, "percent_covered_display": "80", "missing_lines": 1, "excluded_lines": 0}, "missing_lines": [162], "excluded_lines": []}, "": {"executed_lines": [1, 7, 9, 10, 11, 12, 14, 16, 19, 20, 32, 37, 49, 61, 73, 102, 108, 134, 155], "summary": {"covered_lines": 18, "num_statements": 18, "percent_covered": 100.0, "percent_covered_display": "100", "missing_lines": 0, "excluded_lines": 0}, "missing_lines": [], "excluded_lines": []}}, "classes": {"JenkinsAdapter": {"executed_lines": [26, 27, 28, 29, 30, 33, 34, 35, 38, 39, 41, 43, 45, 46, 50, 53, 55, 57, 58, 79, 82, 86, 87, 89, 92, 94, 95, 96, 97, 103, 104, 105, 140, 141, 144, 145, 146, 147, 150, 151, 152, 161, 164, 166, 168], "summary": {"covered_lines": 45, "num_statements": 78, "percent_covered": 57.69230769230769, "percent_covered_display": "58", "missing_lines": 33, "excluded_lines": 0}, "missing_lines": [47, 51, 59, 62, 63, 65, 67, 69, 70, 71, 80, 83, 84, 90, 99, 100, 106, 115, 117, 119, 120, 121, 122, 123, 125, 126, 127, 128, 130, 132, 142, 153, 162], "excluded_lines": []}, "": {"executed_lines": [1, 7, 9, 10, 11, 12, 14, 16, 19, 20, 32, 37, 49, 61, 73, 102, 108, 134, 155], "summary": {"covered_lines": 18, "num_statements": 18, "percent_covered": 100.0, "percent_covered_display": "100", "missing_lines": 0, "excluded_lines": 0}, "missing_lines": [], "excluded_lines": []}}}, "tools/muscle/adapters/mcp_client.py": {"executed_lines": [1, 8, 10, 11, 12, 13, 14, 15, 17, 20, 21, 27, 28, 29, 30, 32, 33, 35, 36, 42, 43, 44, 51, 52, 60, 61, 62, 63, 64, 66, 67, 70, 80, 81, 82, 83, 84, 86, 87, 88, 89, 95, 102, 112, 113, 116, 122, 131, 132, 135, 154, 155, 162, 163, 165, 168, 187, 188, 189, 191, 192], "summary": {"covered_lines": 60, "num_statements": 81, "percent_covered": 74.07407407407408, "percent_covered_display": "74", "missing_lines": 21, "excluded_lines": 0}, "missing_lines": [53, 54, 55, 56, 57, 58, 68, 90, 91, 93, 114, 133, 141, 150, 151, 152, 166, 174, 183, 184, 185], "excluded_lines": [], "functions": {"MCPClient.__init__": {"executed_lines": [27, 28, 29, 30, 32, 33], "summary": {"covered_lines": 6, "num_statements": 6, "percent_covered": 100.0, "percent_covered_display": "100", "missing_lines": 0, "excluded_lines": 0}, "missing_lines": [], "excluded_lines": []}, "MCPClient._get_env": {"executed_lines": [36], "summary": {"covered_lines": 1, "num_statements": 1, "percent_covered": 100.0, "percent_covered_display": "100", "missing_lines": 0, "excluded_lines": 0}, "missing_lines": [], "excluded_lines": []}, "MCPClient.start_server": {"executed_lines": [43, 44, 51, 52], "summary": {"covered_lines": 4, "num_statements": 10, "percent_covered": 40.0, "percent_covered_display": "40", "missing_lines": 6, "excluded_lines": 0}, "missing_lines": [53, 54, 55, 56, 57, 58], "excluded_lines": []}, "MCPClient.stop_server": {"executed_lines": [61, 62, 63, 64], "summary": {"covered_lines": 4, "num_statements": 4, "percent_covered": 100.0, "percent_covered_display": "100", "missing_lines": 0, "excluded_lines": 0}, "missing_lines": [], "excluded_lines": []}, "MCPClient._send_request": {"executed_lines": [67, 70, 80, 81, 82, 83, 84, 86, 87, 88, 89], "summary": {"covered_lines": 11, "num_statements": 15, "percent_covered": 73.33333333333333, "percent_covered_display": "73", "missing_lines": 4, "excluded_lines": 0}, "missing_lines": [68, 90, 91, 93], "excluded_lines": []}, "MCPClient.text_to_speech": {"executed_lines": [102, 112, 113], "summary": {"covered_lines": 3, "num_statements": 4, "percent_covered": 75.0, "percent_covered_display": "75", "missing_lines": 1, "excluded_lines": 0}, "missing_lines": [114], "excluded_lines": []}, "MCPClient.generate_image": {"executed_lines": [122, 131, 132], "summary": {"covered_lines": 3, "num_statements": 4, "percent_covered": 75.0, "percent_covered_display": "75", "missing_lines": 1, "excluded_lines": 0}, "missing_lines": [133], "excluded_lines": []}, "MCPClient.generate_video": {"executed_lines": [], "summary": {"covered_lines": 0, "num_statements": 4, "percent_covered": 0.0, "percent_covered_display": "0", "missing_lines": 4, "excluded_lines": 0}, "missing_lines": [141, 150, 151, 152], "excluded_lines": []}, "MCPClient.list_voices": {"executed_lines": [155, 162, 163, 165], "summary": {"covered_lines": 4, "num_statements": 5, "percent_covered": 80.0, "percent_covered_display": "80", "missing_lines": 1, "excluded_lines": 0}, "missing_lines": [166], "excluded_lines": []}, "MCPClient.voice_clone": {"executed_lines": [], "summary": {"covered_lines": 0, "num_statements": 4, "percent_covered": 0.0, "percent_covered_display": "0", "missing_lines": 4, "excluded_lines": 0}, "missing_lines": [174, 183, 184, 185], "excluded_lines": []}, "MCPClient.__enter__": {"executed_lines": [188, 189], "summary": {"covered_lines": 2, "num_statements": 2, "percent_covered": 100.0, "percent_covered_display": "100", "missing_lines": 0, "excluded_lines": 0}, "missing_lines": [], "excluded_lines": []}, "MCPClient.__exit__": {"executed_lines": [192], "summary": {"covered_lines": 1, "num_statements": 1, "percent_covered": 100.0, "percent_covered_display": "100", "missing_lines": 0, "excluded_lines": 0}, "missing_lines": [], "excluded_lines": []}, "": {"executed_lines": [1, 8, 10, 11, 12, 13, 14, 15, 17, 20, 21, 35, 42, 60, 66, 95, 116, 135, 154, 168, 187, 191], "summary": {"covered_lines": 21, "num_statements": 21, "percent_covered": 100.0, "percent_covered_display": "100", "missing_lines": 0, "excluded_lines": 0}, "missing_lines": [], "excluded_lines": []}}, "classes": {"MCPClient": {"executed_lines": [27, 28, 29, 30, 32, 33, 36, 43, 44, 51, 52, 61, 62, 63, 64, 67, 70, 80, 81, 82, 83, 84, 86, 87, 88, 89, 102, 112, 113, 122, 131, 132, 155, 162, 163, 165, 188, 189, 192], "summary": {"covered_lines": 39, "num_statements": 60, "percent_covered": 65.0, "percent_covered_display": "65", "missing_lines": 21, "excluded_lines": 0}, "missing_lines": [53, 54, 55, 56, 57, 58, 68, 90, 91, 93, 114, 133, 141, 150, 151, 152, 166, 174, 183, 184, 185], "excluded_lines": []}, "": {"executed_lines": [1, 8, 10, 11, 12, 13, 14, 15, 17, 20, 21, 35, 42, 60, 66, 95, 116, 135, 154, 168, 187, 191], "summary": {"covered_lines": 21, "num_statements": 21, "percent_covered": 100.0, "percent_covered_display": "100", "missing_lines": 0, "excluded_lines": 0}, "missing_lines": [], "excluded_lines": []}}}, "tools/muscle/budget_manager.py": {"executed_lines": [1, 11, 12, 13, 14, 15, 17, 19, 21, 27, 28, 29, 30, 31, 32, 34, 35, 41, 42, 49, 50, 51, 52, 53, 54, 56, 57, 59, 60, 61, 62, 63, 64, 65, 66, 67, 89, 94, 95, 96, 98, 101, 102, 103, 105, 107, 113, 114, 118, 120, 121, 130, 131, 134, 135, 137, 138, 139], "summary": {"covered_lines": 57, "num_statements": 84, "percent_covered": 67.85714285714286, "percent_covered_display": "68", "missing_lines": 27, "excluded_lines": 0}, "missing_lines": [36, 37, 38, 68, 69, 71, 72, 73, 74, 75, 76, 77, 78, 79, 80, 82, 83, 84, 85, 87, 90, 91, 92, 99, 115, 116, 132], "excluded_lines": [], "functions": {"BudgetInfo.usage_percent": {"executed_lines": [], "summary": {"covered_lines": 0, "num_statements": 3, "percent_covered": 0.0, "percent_covered_display": "0", "missing_lines": 3, "excluded_lines": 0}, "missing_lines": [36, 37, 38], "excluded_lines": []}, "BudgetManager.__init__": {"executed_lines": [49, 50, 51, 52, 53, 54, 56, 57], "summary": {"covered_lines": 8, "num_statements": 8, "percent_covered": 100.0, "percent_covered_display": "100", "missing_lines": 0, "excluded_lines": 0}, "missing_lines": [], "excluded_lines": []}, "BudgetManager._load_auto_budget": {"executed_lines": [60, 61, 62, 63, 64, 65, 66, 67], "summary": {"covered_lines": 8, "num_statements": 25, "percent_covered": 32.0, "percent_covered_display": "32", "missing_lines": 17, "excluded_lines": 0}, "missing_lines": [68, 69, 71, 72, 73, 74, 75, 76, 77, 78, 79, 80, 82, 83, 84, 85, 87], "excluded_lines": []}, "BudgetManager.estimate_iteration_cost": {"executed_lines": [], "summary": {"covered_lines": 0, "num_statements": 3, "percent_covered": 0.0, "percent_covered_display": "0", "missing_lines": 3, "excluded_lines": 0}, "missing_lines": [90, 91, 92], "excluded_lines": []}, "BudgetManager.check_budget": {"executed_lines": [95, 96, 98, 101, 102, 103, 105, 107, 113, 114, 118], "summary": {"covered_lines": 11, "num_statements": 14, "percent_covered": 78.57142857142857, "percent_covered_display": "79", "missing_lines": 3, "excluded_lines": 0}, "missing_lines": [99, 115, 116], "excluded_lines": []}, "BudgetManager.get_budget_info": {"executed_lines": [121], "summary": {"covered_lines": 1, "num_statements": 1, "percent_covered": 100.0, "percent_covered_display": "100", "missing_lines": 0, "excluded_lines": 0}, "missing_lines": [], "excluded_lines": []}, "BudgetManager.save_budget_state": {"executed_lines": [131, 134, 135, 137, 138, 139], "summary": {"covered_lines": 6, "num_statements": 7, "percent_covered": 85.71428571428571, "percent_covered_display": "86", "missing_lines": 1, "excluded_lines": 0}, "missing_lines": [132], "excluded_lines": []}, "": {"executed_lines": [1, 11, 12, 13, 14, 15, 17, 19, 21, 27, 28, 29, 30, 31, 32, 34, 35, 41, 42, 59, 89, 94, 120, 130], "summary": {"covered_lines": 23, "num_statements": 23, "percent_covered": 100.0, "percent_covered_display": "100", "missing_lines": 0, "excluded_lines": 0}, "missing_lines": [], "excluded_lines": []}}, "classes": {"BudgetInfo": {"executed_lines": [], "summary": {"covered_lines": 0, "num_statements": 3, "percent_covered": 0.0, "percent_covered_display": "0", "missing_lines": 3, "excluded_lines": 0}, "missing_lines": [36, 37, 38], "excluded_lines": []}, "BudgetManager": {"executed_lines": [49, 50, 51, 52, 53, 54, 56, 57, 60, 61, 62, 63, 64, 65, 66, 67, 95, 96, 98, 101, 102, 103, 105, 107, 113, 114, 118, 121, 131, 134, 135, 137, 138, 139], "summary": {"covered_lines": 34, "num_statements": 58, "percent_covered": 58.62068965517241, "percent_covered_display": "59", "missing_lines": 24, "excluded_lines": 0}, "missing_lines": [68, 69, 71, 72, 73, 74, 75, 76, 77, 78, 79, 80, 82, 83, 84, 85, 87, 90, 91, 92, 99, 115, 116, 132], "excluded_lines": []}, "": {"executed_lines": [1, 11, 12, 13, 14, 15, 17, 19, 21, 27, 28, 29, 30, 31, 32, 34, 35, 41, 42, 59, 89, 94, 120, 130], "summary": {"covered_lines": 23, "num_statements": 23, "percent_covered": 100.0, "percent_covered_display": "100", "missing_lines": 0, "excluded_lines": 0}, "missing_lines": [], "excluded_lines": []}}}, "tools/muscle/cli.py": {"executed_lines": [1, 7, 9, 10, 11, 12, 13, 14, 15, 17, 18, 20, 24, 25, 26, 27, 28, 29, 31, 32, 33, 34, 35, 36, 37, 38, 39, 40, 41, 42, 43, 45, 47, 48, 49, 51, 55, 58, 63, 66, 101, 102, 103, 108, 111, 112, 113, 197, 198, 233, 234, 235, 238, 239, 240, 241, 242, 248, 249, 252, 253, 254, 255, 262, 263, 266, 267, 268, 273, 274, 467, 468, 496, 497, 498, 519, 520, 521, 562, 563, 564, 567, 570, 632, 633, 638, 639, 640, 659, 660, 661, 662, 663, 664, 665, 700, 701, 702, 703, 713, 714, 715, 716, 726, 727, 728, 729, 744, 745, 750, 751, 752, 768, 769, 770, 771, 783, 784, 789, 790, 797, 798, 799, 806, 807, 808, 815, 816, 817, 829, 830, 837, 884, 890, 896, 915, 926, 927, 933, 939, 946, 953, 959, 965, 972, 978, 985, 991, 997, 1026, 1034, 1036, 1044, 1052, 1059, 1081, 1082, 1083, 1084, 1085, 1086, 1087, 1088, 1090, 1094, 1098, 1099, 1100, 1101, 1103, 1105, 1108, 1109, 1110, 1111, 1112, 1114, 1116, 1118, 1126, 1132, 1133, 1134, 1136, 1137, 1159, 1161, 1162, 1163, 1164, 1165, 1167, 1169, 1171, 1173, 1176, 1185, 1186, 1187, 1188, 1189, 1196, 1270, 1271, 1272, 1330, 1331, 1332, 1406, 1407, 1412, 1413, 1414, 1415, 1444, 1445, 1454, 1455, 1475, 1476, 1477, 1499, 1500, 1501, 1530, 1531, 1532, 1533, 1547, 1558, 1562], "summary": {"covered_lines": 230, "num_statements": 829, "percent_covered": 27.744270205066346, "percent_covered_display": "28", "missing_lines": 599, "excluded_lines": 0}, "missing_lines": [21, 22, 59, 60, 68, 69, 70, 71, 72, 73, 74, 75, 76, 77, 78, 79, 80, 82, 83, 84, 85, 86, 87, 88, 89, 90, 91, 92, 94, 95, 96, 119, 121, 122, 124, 125, 127, 128, 129, 135, 137, 138, 139, 140, 141, 143, 144, 145, 146, 147, 148, 150, 151, 152, 153, 154, 155, 156, 157, 159, 160, 161, 162, 163, 164, 165, 166, 168, 169, 170, 171, 172, 173, 174, 176, 177, 178, 180, 181, 183, 184, 185, 186, 187, 188, 189, 190, 191, 192, 194, 203, 204, 206, 207, 208, 209, 210, 212, 213, 215, 216, 218, 219, 220, 221, 223, 224, 226, 227, 228, 229, 230, 297, 298, 299, 301, 302, 305, 307, 308, 310, 313, 314, 320, 321, 322, 325, 327, 329, 331, 348, 351, 353, 354, 356, 357, 358, 359, 363, 364, 366, 368, 369, 371, 372, 373, 374, 376, 377, 379, 380, 382, 383, 385, 388, 390, 391, 393, 395, 397, 410, 411, 412, 414, 416, 417, 418, 419, 421, 426, 428, 435, 436, 437, 439, 440, 442, 443, 444, 445, 446, 447, 448, 449, 450, 451, 453, 454, 456, 457, 458, 459, 461, 462, 463, 464, 470, 471, 473, 474, 475, 477, 478, 479, 480, 481, 482, 484, 485, 493, 500, 501, 503, 504, 505, 507, 509, 510, 511, 516, 530, 532, 534, 535, 536, 537, 539, 540, 541, 542, 543, 544, 546, 547, 548, 549, 550, 551, 552, 553, 554, 555, 557, 558, 559, 584, 586, 587, 588, 589, 591, 592, 594, 595, 602, 604, 605, 607, 609, 610, 611, 612, 614, 615, 616, 617, 619, 620, 621, 622, 624, 625, 626, 627, 629, 635, 642, 643, 644, 646, 647, 648, 650, 651, 652, 654, 655, 656, 679, 681, 682, 683, 684, 690, 691, 693, 694, 695, 696, 697, 705, 706, 707, 708, 709, 710, 718, 719, 720, 721, 722, 723, 731, 732, 733, 734, 736, 737, 738, 739, 740, 741, 747, 754, 755, 757, 758, 759, 761, 762, 763, 765, 773, 774, 775, 776, 778, 779, 780, 786, 792, 793, 794, 801, 802, 803, 810, 811, 812, 819, 820, 821, 822, 824, 825, 826, 832, 833, 834, 838, 840, 841, 852, 853, 861, 862, 869, 885, 886, 887, 891, 892, 893, 897, 898, 899, 900, 901, 902, 903, 904, 905, 906, 907, 908, 909, 910, 911, 912, 916, 917, 918, 919, 920, 921, 922, 923, 1060, 1062, 1063, 1068, 1069, 1075, 1076, 1077, 1078, 1079, 1089, 1091, 1095, 1102, 1104, 1106, 1166, 1168, 1170, 1172, 1174, 1177, 1178, 1180, 1181, 1182, 1213, 1214, 1215, 1216, 1217, 1219, 1221, 1228, 1230, 1240, 1245, 1246, 1247, 1248, 1250, 1257, 1258, 1260, 1262, 1263, 1264, 1265, 1266, 1267, 1284, 1286, 1288, 1289, 1290, 1291, 1292, 1294, 1295, 1296, 1297, 1298, 1299, 1300, 1301, 1302, 1303, 1304, 1305, 1307, 1308, 1310, 1311, 1312, 1313, 1315, 1317, 1318, 1319, 1320, 1322, 1323, 1324, 1325, 1343, 1345, 1347, 1348, 1349, 1350, 1351, 1353, 1354, 1355, 1356, 1357, 1358, 1360, 1361, 1362, 1363, 1364, 1366, 1367, 1368, 1369, 1371, 1373, 1374, 1375, 1377, 1378, 1379, 1381, 1382, 1383, 1384, 1385, 1386, 1388, 1389, 1390, 1391, 1392, 1394, 1395, 1396, 1397, 1398, 1399, 1400, 1403, 1409, 1426, 1428, 1429, 1430, 1431, 1432, 1434, 1435, 1436, 1437, 1441, 1447, 1449, 1450, 1451, 1457, 1459, 1460, 1462, 1463, 1464, 1466, 1467, 1468, 1469, 1470, 1472, 1479, 1481, 1482, 1483, 1485, 1486, 1487, 1488, 1489, 1490, 1491, 1492, 1493, 1494, 1496, 1503, 1505, 1506, 1508, 1509, 1510, 1511, 1513, 1514, 1515, 1516, 1517, 1519, 1520, 1527, 1535, 1537, 1538, 1539, 1540, 1541, 1543, 1544, 1548, 1555, 1559, 1563], "excluded_lines": [], "functions": {"_create_m27_client": {"executed_lines": [], "summary": {"covered_lines": 0, "num_statements": 2, "percent_covered": 0.0, "percent_covered_display": "0", "missing_lines": 2, "excluded_lines": 0}, "missing_lines": [59, 60], "excluded_lines": []}, "_event_handler": {"executed_lines": [], "summary": {"covered_lines": 0, "num_statements": 27, "percent_covered": 0.0, "percent_covered_display": "0", "missing_lines": 27, "excluded_lines": 0}, "missing_lines": [68, 69, 70, 71, 72, 73, 74, 75, 76, 77, 78, 79, 80, 82, 83, 84, 85, 86, 87, 88, 89, 90, 91, 92, 94, 95, 96], "excluded_lines": []}, "cli": {"executed_lines": [108], "summary": {"covered_lines": 1, "num_statements": 1, "percent_covered": 100.0, "percent_covered_display": "100", "missing_lines": 0, "excluded_lines": 0}, "missing_lines": [], "excluded_lines": []}, "init": {"executed_lines": [], "summary": {"covered_lines": 0, "num_statements": 59, "percent_covered": 0.0, "percent_covered_display": "0", "missing_lines": 59, "excluded_lines": 0}, "missing_lines": [119, 121, 122, 124, 125, 127, 128, 129, 135, 137, 138, 139, 140, 141, 143, 144, 145, 146, 147, 148, 150, 151, 152, 153, 154, 155, 156, 157, 159, 160, 161, 162, 163, 164, 165, 166, 168, 169, 170, 171, 172, 173, 174, 176, 177, 178, 180, 181, 183, 184, 185, 186, 187, 188, 189, 190, 191, 192, 194], "excluded_lines": []}, "tui": {"executed_lines": [], "summary": {"covered_lines": 0, "num_statements": 22, "percent_covered": 0.0, "percent_covered_display": "0", "missing_lines": 22, "excluded_lines": 0}, "missing_lines": [203, 204, 206, 207, 208, 209, 210, 212, 213, 215, 216, 218, 219, 220, 221, 223, 224, 226, 227, 228, 229, 230], "excluded_lines": []}, "run": {"executed_lines": [], "summary": {"covered_lines": 0, "num_statements": 76, "percent_covered": 0.0, "percent_covered_display": "0", "missing_lines": 76, "excluded_lines": 0}, "missing_lines": [297, 298, 299, 301, 302, 305, 307, 308, 310, 313, 314, 320, 321, 322, 325, 327, 329, 331, 348, 351, 353, 354, 356, 357, 358, 359, 363, 364, 366, 368, 369, 371, 372, 373, 374, 376, 377, 379, 385, 390, 391, 393, 395, 397, 410, 411, 412, 414, 421, 426, 428, 435, 436, 437, 439, 440, 442, 443, 444, 445, 446, 447, 448, 449, 450, 451, 453, 454, 456, 457, 458, 459, 461, 462, 463, 464], "excluded_lines": []}, "run.evaluator": {"executed_lines": [], "summary": {"covered_lines": 0, "num_statements": 3, "percent_covered": 0.0, "percent_covered_display": "0", "missing_lines": 3, "excluded_lines": 0}, "missing_lines": [380, 382, 383], "excluded_lines": []}, "run.code_gen_wrapper": {"executed_lines": [], "summary": {"covered_lines": 0, "num_statements": 1, "percent_covered": 0.0, "percent_covered_display": "0", "missing_lines": 1, "excluded_lines": 0}, "missing_lines": [388], "excluded_lines": []}, "run.streaming_callback": {"executed_lines": [], "summary": {"covered_lines": 0, "num_statements": 4, "percent_covered": 0.0, "percent_covered_display": "0", "missing_lines": 4, "excluded_lines": 0}, "missing_lines": [416, 417, 418, 419], "excluded_lines": []}, "history": {"executed_lines": [], "summary": {"covered_lines": 0, "num_statements": 14, "percent_covered": 0.0, "percent_covered_display": "0", "missing_lines": 14, "excluded_lines": 0}, "missing_lines": [470, 471, 473, 474, 475, 477, 478, 479, 480, 481, 482, 484, 485, 493], "excluded_lines": []}, "resume": {"executed_lines": [], "summary": {"covered_lines": 0, "num_statements": 10, "percent_covered": 0.0, "percent_covered_display": "0", "missing_lines": 10, "excluded_lines": 0}, "missing_lines": [500, 501, 503, 504, 505, 507, 509, 510, 511, 516], "excluded_lines": []}, "abort": {"executed_lines": [], "summary": {"covered_lines": 0, "num_statements": 25, "percent_covered": 0.0, "percent_covered_display": "0", "missing_lines": 25, "excluded_lines": 0}, "missing_lines": [530, 532, 534, 535, 536, 537, 539, 540, 541, 542, 543, 544, 546, 547, 548, 549, 550, 551, 552, 553, 554, 555, 557, 558, 559], "excluded_lines": []}, "check": {"executed_lines": [], "summary": {"covered_lines": 0, "num_statements": 30, "percent_covered": 0.0, "percent_covered_display": "0", "missing_lines": 30, "excluded_lines": 0}, "missing_lines": [584, 586, 587, 588, 589, 591, 592, 594, 595, 602, 604, 605, 607, 609, 610, 611, 612, 614, 615, 616, 617, 619, 620, 621, 622, 624, 625, 626, 627, 629], "excluded_lines": []}, "kb_group": {"executed_lines": [], "summary": {"covered_lines": 0, "num_statements": 1, "percent_covered": 0.0, "percent_covered_display": "0", "missing_lines": 1, "excluded_lines": 0}, "missing_lines": [635], "excluded_lines": []}, "kb_stats": {"executed_lines": [], "summary": {"covered_lines": 0, "num_statements": 12, "percent_covered": 0.0, "percent_covered_display": "0", "missing_lines": 12, "excluded_lines": 0}, "missing_lines": [642, 643, 644, 646, 647, 648, 650, 651, 652, 654, 655, 656], "excluded_lines": []}, "kb_knowledge_add": {"executed_lines": [], "summary": {"covered_lines": 0, "num_statements": 12, "percent_covered": 0.0, "percent_covered_display": "0", "missing_lines": 12, "excluded_lines": 0}, "missing_lines": [679, 681, 682, 683, 684, 690, 691, 693, 694, 695, 696, 697], "excluded_lines": []}, "kb_export": {"executed_lines": [], "summary": {"covered_lines": 0, "num_statements": 6, "percent_covered": 0.0, "percent_covered_display": "0", "missing_lines": 6, "excluded_lines": 0}, "missing_lines": [705, 706, 707, 708, 709, 710], "excluded_lines": []}, "kb_import": {"executed_lines": [], "summary": {"covered_lines": 0, "num_statements": 6, "percent_covered": 0.0, "percent_covered_display": "0", "missing_lines": 6, "excluded_lines": 0}, "missing_lines": [718, 719, 720, 721, 722, 723], "excluded_lines": []}, "kb_clear": {"executed_lines": [], "summary": {"covered_lines": 0, "num_statements": 10, "percent_covered": 0.0, "percent_covered_display": "0", "missing_lines": 10, "excluded_lines": 0}, "missing_lines": [731, 732, 733, 734, 736, 737, 738, 739, 740, 741], "excluded_lines": []}, "cost_group": {"executed_lines": [], "summary": {"covered_lines": 0, "num_statements": 1, "percent_covered": 0.0, "percent_covered_display": "0", "missing_lines": 1, "excluded_lines": 0}, "missing_lines": [747], "excluded_lines": []}, "cost_stats": {"executed_lines": [], "summary": {"covered_lines": 0, "num_statements": 9, "percent_covered": 0.0, "percent_covered_display": "0", "missing_lines": 9, "excluded_lines": 0}, "missing_lines": [754, 755, 757, 758, 759, 761, 762, 763, 765], "excluded_lines": []}, "cost_clear": {"executed_lines": [], "summary": {"covered_lines": 0, "num_statements": 7, "percent_covered": 0.0, "percent_covered_display": "0", "missing_lines": 7, "excluded_lines": 0}, "missing_lines": [773, 774, 775, 776, 778, 779, 780], "excluded_lines": []}, "improve_group": {"executed_lines": [], "summary": {"covered_lines": 0, "num_statements": 1, "percent_covered": 0.0, "percent_covered_display": "0", "missing_lines": 1, "excluded_lines": 0}, "missing_lines": [786], "excluded_lines": []}, "improve_report": {"executed_lines": [], "summary": {"covered_lines": 0, "num_statements": 3, "percent_covered": 0.0, "percent_covered_display": "0", "missing_lines": 3, "excluded_lines": 0}, "missing_lines": [792, 793, 794], "excluded_lines": []}, "improve_export": {"executed_lines": [], "summary": {"covered_lines": 0, "num_statements": 3, "percent_covered": 0.0, "percent_covered_display": "0", "missing_lines": 3, "excluded_lines": 0}, "missing_lines": [801, 802, 803], "excluded_lines": []}, "improve_import": {"executed_lines": [], "summary": {"covered_lines": 0, "num_statements": 3, "percent_covered": 0.0, "percent_covered_display": "0", "missing_lines": 3, "excluded_lines": 0}, "missing_lines": [810, 811, 812], "excluded_lines": []}, "improve_clear": {"executed_lines": [], "summary": {"covered_lines": 0, "num_statements": 7, "percent_covered": 0.0, "percent_covered_display": "0", "missing_lines": 7, "excluded_lines": 0}, "missing_lines": [819, 820, 821, 822, 824, 825, 826], "excluded_lines": []}, "improve_prompt": {"executed_lines": [], "summary": {"covered_lines": 0, "num_statements": 3, "percent_covered": 0.0, "percent_covered_display": "0", "missing_lines": 3, "excluded_lines": 0}, "missing_lines": [832, 833, 834], "excluded_lines": []}, "_session_report_to_dict": {"executed_lines": [], "summary": {"covered_lines": 0, "num_statements": 5, "percent_covered": 0.0, "percent_covered_display": "0", "missing_lines": 5, "excluded_lines": 0}, "missing_lines": [838, 840, 852, 861, 869], "excluded_lines": []}, "_session_report_to_dict.iter_report_to_dict": {"executed_lines": [], "summary": {"covered_lines": 0, "num_statements": 1, "percent_covered": 0.0, "percent_covered_display": "0", "missing_lines": 1, "excluded_lines": 0}, "missing_lines": [841], "excluded_lines": []}, "_session_report_to_dict.budget_info_to_dict": {"executed_lines": [], "summary": {"covered_lines": 0, "num_statements": 1, "percent_covered": 0.0, "percent_covered_display": "0", "missing_lines": 1, "excluded_lines": 0}, "missing_lines": [853], "excluded_lines": []}, "_session_report_to_dict.artifact_to_dict": {"executed_lines": [], "summary": {"covered_lines": 0, "num_statements": 1, "percent_covered": 0.0, "percent_covered_display": "0", "missing_lines": 1, "excluded_lines": 0}, "missing_lines": [862], "excluded_lines": []}, "_serialize_json": {"executed_lines": [], "summary": {"covered_lines": 0, "num_statements": 3, "percent_covered": 0.0, "percent_covered_display": "0", "missing_lines": 3, "excluded_lines": 0}, "missing_lines": [885, 886, 887], "excluded_lines": []}, "_truncate": {"executed_lines": [], "summary": {"covered_lines": 0, "num_statements": 3, "percent_covered": 0.0, "percent_covered_display": "0", "missing_lines": 3, "excluded_lines": 0}, "missing_lines": [891, 892, 893], "excluded_lines": []}, "_parse_timeout": {"executed_lines": [], "summary": {"covered_lines": 0, "num_statements": 16, "percent_covered": 0.0, "percent_covered_display": "0", "missing_lines": 16, "excluded_lines": 0}, "missing_lines": [897, 898, 899, 900, 901, 902, 903, 904, 905, 906, 907, 908, 909, 910, 911, 912], "excluded_lines": []}, "_parse_budget": {"executed_lines": [], "summary": {"covered_lines": 0, "num_statements": 8, "percent_covered": 0.0, "percent_covered_display": "0", "missing_lines": 8, "excluded_lines": 0}, "missing_lines": [916, 917, 918, 919, 920, 921, 922, 923], "excluded_lines": []}, "review": {"executed_lines": [1026, 1034, 1036, 1044, 1052, 1059, 1081, 1108, 1109, 1110, 1111, 1112, 1114, 1116, 1118, 1126, 1132, 1133, 1134, 1136, 1137, 1159, 1161, 1162, 1163, 1164, 1165, 1167, 1169, 1171, 1173, 1176], "summary": {"covered_lines": 32, "num_statements": 52, "percent_covered": 61.53846153846154, "percent_covered_display": "62", "missing_lines": 20, "excluded_lines": 0}, "missing_lines": [1060, 1062, 1063, 1068, 1069, 1075, 1076, 1077, 1078, 1079, 1166, 1168, 1170, 1172, 1174, 1177, 1178, 1180, 1181, 1182], "excluded_lines": []}, "review.event_handler": {"executed_lines": [1082, 1083, 1084, 1085, 1086, 1087, 1088, 1090, 1094, 1098, 1099, 1100, 1101, 1103, 1105], "summary": {"covered_lines": 15, "num_statements": 21, "percent_covered": 71.42857142857143, "percent_covered_display": "71", "missing_lines": 6, "excluded_lines": 0}, "missing_lines": [1089, 1091, 1095, 1102, 1104, 1106], "excluded_lines": []}, "lifeline": {"executed_lines": [], "summary": {"covered_lines": 0, "num_statements": 24, "percent_covered": 0.0, "percent_covered_display": "0", "missing_lines": 24, "excluded_lines": 0}, "missing_lines": [1213, 1214, 1215, 1216, 1217, 1219, 1221, 1228, 1230, 1240, 1245, 1246, 1247, 1248, 1250, 1257, 1258, 1260, 1262, 1263, 1264, 1265, 1266, 1267], "excluded_lines": []}, "probe": {"executed_lines": [], "summary": {"covered_lines": 0, "num_statements": 34, "percent_covered": 0.0, "percent_covered_display": "0", "missing_lines": 34, "excluded_lines": 0}, "missing_lines": [1284, 1286, 1288, 1289, 1290, 1291, 1292, 1294, 1295, 1296, 1297, 1298, 1299, 1300, 1301, 1302, 1303, 1304, 1305, 1307, 1308, 1310, 1311, 1312, 1313, 1315, 1317, 1318, 1319, 1320, 1322, 1323, 1324, 1325], "excluded_lines": []}, "diagnosis": {"executed_lines": [], "summary": {"covered_lines": 0, "num_statements": 48, "percent_covered": 0.0, "percent_covered_display": "0", "missing_lines": 48, "excluded_lines": 0}, "missing_lines": [1343, 1345, 1347, 1348, 1349, 1350, 1351, 1353, 1354, 1355, 1356, 1357, 1358, 1360, 1361, 1362, 1363, 1364, 1366, 1367, 1368, 1369, 1371, 1373, 1374, 1375, 1377, 1378, 1379, 1381, 1382, 1383, 1384, 1385, 1386, 1388, 1389, 1390, 1391, 1392, 1394, 1395, 1396, 1397, 1398, 1399, 1400, 1403], "excluded_lines": []}, "nightly_group": {"executed_lines": [], "summary": {"covered_lines": 0, "num_statements": 1, "percent_covered": 0.0, "percent_covered_display": "0", "missing_lines": 1, "excluded_lines": 0}, "missing_lines": [1409], "excluded_lines": []}, "nightly_enable": {"executed_lines": [], "summary": {"covered_lines": 0, "num_statements": 11, "percent_covered": 0.0, "percent_covered_display": "0", "missing_lines": 11, "excluded_lines": 0}, "missing_lines": [1426, 1428, 1429, 1430, 1431, 1432, 1434, 1435, 1436, 1437, 1441], "excluded_lines": []}, "nightly_disable": {"executed_lines": [], "summary": {"covered_lines": 0, "num_statements": 4, "percent_covered": 0.0, "percent_covered_display": "0", "missing_lines": 4, "excluded_lines": 0}, "missing_lines": [1447, 1449, 1450, 1451], "excluded_lines": []}, "nightly_status": {"executed_lines": [], "summary": {"covered_lines": 0, "num_statements": 12, "percent_covered": 0.0, "percent_covered_display": "0", "missing_lines": 12, "excluded_lines": 0}, "missing_lines": [1457, 1459, 1460, 1462, 1463, 1464, 1466, 1467, 1468, 1469, 1470, 1472], "excluded_lines": []}, "nightly_run": {"executed_lines": [], "summary": {"covered_lines": 0, "num_statements": 15, "percent_covered": 0.0, "percent_covered_display": "0", "missing_lines": 15, "excluded_lines": 0}, "missing_lines": [1479, 1481, 1482, 1483, 1485, 1486, 1487, 1488, 1489, 1490, 1491, 1492, 1493, 1494, 1496], "excluded_lines": []}, "nightly_reports": {"executed_lines": [], "summary": {"covered_lines": 0, "num_statements": 15, "percent_covered": 0.0, "percent_covered_display": "0", "missing_lines": 15, "excluded_lines": 0}, "missing_lines": [1503, 1505, 1506, 1508, 1509, 1510, 1511, 1513, 1514, 1515, 1516, 1517, 1519, 1520, 1527], "excluded_lines": []}, "nightly_cleanup": {"executed_lines": [], "summary": {"covered_lines": 0, "num_statements": 8, "percent_covered": 0.0, "percent_covered_display": "0", "missing_lines": 8, "excluded_lines": 0}, "missing_lines": [1535, 1537, 1538, 1539, 1540, 1541, 1543, 1544], "excluded_lines": []}, "_get_status_color": {"executed_lines": [], "summary": {"covered_lines": 0, "num_statements": 2, "percent_covered": 0.0, "percent_covered_display": "0", "missing_lines": 2, "excluded_lines": 0}, "missing_lines": [1548, 1555], "excluded_lines": []}, "main": {"executed_lines": [], "summary": {"covered_lines": 0, "num_statements": 1, "percent_covered": 0.0, "percent_covered_display": "0", "missing_lines": 1, "excluded_lines": 0}, "missing_lines": [1559], "excluded_lines": []}, "": {"executed_lines": [1, 7, 9, 10, 11, 12, 13, 14, 15, 17, 18, 20, 24, 25, 26, 27, 28, 29, 31, 32, 33, 34, 35, 36, 37, 38, 39, 40, 41, 42, 43, 45, 47, 48, 49, 51, 55, 58, 63, 66, 101, 102, 103, 111, 112, 113, 197, 198, 233, 234, 235, 238, 239, 240, 241, 242, 248, 249, 252, 253, 254, 255, 262, 263, 266, 267, 268, 273, 274, 467, 468, 496, 497, 498, 519, 520, 521, 562, 563, 564, 567, 570, 632, 633, 638, 639, 640, 659, 660, 661, 662, 663, 664, 665, 700, 701, 702, 703, 713, 714, 715, 716, 726, 727, 728, 729, 744, 745, 750, 751, 752, 768, 769, 770, 771, 783, 784, 789, 790, 797, 798, 799, 806, 807, 808, 815, 816, 817, 829, 830, 837, 884, 890, 896, 915, 926, 927, 933, 939, 946, 953, 959, 965, 972, 978, 985, 991, 997, 1185, 1186, 1187, 1188, 1189, 1196, 1270, 1271, 1272, 1330, 1331, 1332, 1406, 1407, 1412, 1413, 1414, 1415, 1444, 1445, 1454, 1455, 1475, 1476, 1477, 1499, 1500, 1501, 1530, 1531, 1532, 1533, 1547, 1558, 1562], "summary": {"covered_lines": 182, "num_statements": 185, "percent_covered": 98.37837837837837, "percent_covered_display": "98", "missing_lines": 3, "excluded_lines": 0}, "missing_lines": [21, 22, 1563], "excluded_lines": []}}, "classes": {"": {"executed_lines": [1, 7, 9, 10, 11, 12, 13, 14, 15, 17, 18, 20, 24, 25, 26, 27, 28, 29, 31, 32, 33, 34, 35, 36, 37, 38, 39, 40, 41, 42, 43, 45, 47, 48, 49, 51, 55, 58, 63, 66, 101, 102, 103, 108, 111, 112, 113, 197, 198, 233, 234, 235, 238, 239, 240, 241, 242, 248, 249, 252, 253, 254, 255, 262, 263, 266, 267, 268, 273, 274, 467, 468, 496, 497, 498, 519, 520, 521, 562, 563, 564, 567, 570, 632, 633, 638, 639, 640, 659, 660, 661, 662, 663, 664, 665, 700, 701, 702, 703, 713, 714, 715, 716, 726, 727, 728, 729, 744, 745, 750, 751, 752, 768, 769, 770, 771, 783, 784, 789, 790, 797, 798, 799, 806, 807, 808, 815, 816, 817, 829, 830, 837, 884, 890, 896, 915, 926, 927, 933, 939, 946, 953, 959, 965, 972, 978, 985, 991, 997, 1026, 1034, 1036, 1044, 1052, 1059, 1081, 1082, 1083, 1084, 1085, 1086, 1087, 1088, 1090, 1094, 1098, 1099, 1100, 1101, 1103, 1105, 1108, 1109, 1110, 1111, 1112, 1114, 1116, 1118, 1126, 1132, 1133, 1134, 1136, 1137, 1159, 1161, 1162, 1163, 1164, 1165, 1167, 1169, 1171, 1173, 1176, 1185, 1186, 1187, 1188, 1189, 1196, 1270, 1271, 1272, 1330, 1331, 1332, 1406, 1407, 1412, 1413, 1414, 1415, 1444, 1445, 1454, 1455, 1475, 1476, 1477, 1499, 1500, 1501, 1530, 1531, 1532, 1533, 1547, 1558, 1562], "summary": {"covered_lines": 230, "num_statements": 829, "percent_covered": 27.744270205066346, "percent_covered_display": "28", "missing_lines": 599, "excluded_lines": 0}, "missing_lines": [21, 22, 59, 60, 68, 69, 70, 71, 72, 73, 74, 75, 76, 77, 78, 79, 80, 82, 83, 84, 85, 86, 87, 88, 89, 90, 91, 92, 94, 95, 96, 119, 121, 122, 124, 125, 127, 128, 129, 135, 137, 138, 139, 140, 141, 143, 144, 145, 146, 147, 148, 150, 151, 152, 153, 154, 155, 156, 157, 159, 160, 161, 162, 163, 164, 165, 166, 168, 169, 170, 171, 172, 173, 174, 176, 177, 178, 180, 181, 183, 184, 185, 186, 187, 188, 189, 190, 191, 192, 194, 203, 204, 206, 207, 208, 209, 210, 212, 213, 215, 216, 218, 219, 220, 221, 223, 224, 226, 227, 228, 229, 230, 297, 298, 299, 301, 302, 305, 307, 308, 310, 313, 314, 320, 321, 322, 325, 327, 329, 331, 348, 351, 353, 354, 356, 357, 358, 359, 363, 364, 366, 368, 369, 371, 372, 373, 374, 376, 377, 379, 380, 382, 383, 385, 388, 390, 391, 393, 395, 397, 410, 411, 412, 414, 416, 417, 418, 419, 421, 426, 428, 435, 436, 437, 439, 440, 442, 443, 444, 445, 446, 447, 448, 449, 450, 451, 453, 454, 456, 457, 458, 459, 461, 462, 463, 464, 470, 471, 473, 474, 475, 477, 478, 479, 480, 481, 482, 484, 485, 493, 500, 501, 503, 504, 505, 507, 509, 510, 511, 516, 530, 532, 534, 535, 536, 537, 539, 540, 541, 542, 543, 544, 546, 547, 548, 549, 550, 551, 552, 553, 554, 555, 557, 558, 559, 584, 586, 587, 588, 589, 591, 592, 594, 595, 602, 604, 605, 607, 609, 610, 611, 612, 614, 615, 616, 617, 619, 620, 621, 622, 624, 625, 626, 627, 629, 635, 642, 643, 644, 646, 647, 648, 650, 651, 652, 654, 655, 656, 679, 681, 682, 683, 684, 690, 691, 693, 694, 695, 696, 697, 705, 706, 707, 708, 709, 710, 718, 719, 720, 721, 722, 723, 731, 732, 733, 734, 736, 737, 738, 739, 740, 741, 747, 754, 755, 757, 758, 759, 761, 762, 763, 765, 773, 774, 775, 776, 778, 779, 780, 786, 792, 793, 794, 801, 802, 803, 810, 811, 812, 819, 820, 821, 822, 824, 825, 826, 832, 833, 834, 838, 840, 841, 852, 853, 861, 862, 869, 885, 886, 887, 891, 892, 893, 897, 898, 899, 900, 901, 902, 903, 904, 905, 906, 907, 908, 909, 910, 911, 912, 916, 917, 918, 919, 920, 921, 922, 923, 1060, 1062, 1063, 1068, 1069, 1075, 1076, 1077, 1078, 1079, 1089, 1091, 1095, 1102, 1104, 1106, 1166, 1168, 1170, 1172, 1174, 1177, 1178, 1180, 1181, 1182, 1213, 1214, 1215, 1216, 1217, 1219, 1221, 1228, 1230, 1240, 1245, 1246, 1247, 1248, 1250, 1257, 1258, 1260, 1262, 1263, 1264, 1265, 1266, 1267, 1284, 1286, 1288, 1289, 1290, 1291, 1292, 1294, 1295, 1296, 1297, 1298, 1299, 1300, 1301, 1302, 1303, 1304, 1305, 1307, 1308, 1310, 1311, 1312, 1313, 1315, 1317, 1318, 1319, 1320, 1322, 1323, 1324, 1325, 1343, 1345, 1347, 1348, 1349, 1350, 1351, 1353, 1354, 1355, 1356, 1357, 1358, 1360, 1361, 1362, 1363, 1364, 1366, 1367, 1368, 1369, 1371, 1373, 1374, 1375, 1377, 1378, 1379, 1381, 1382, 1383, 1384, 1385, 1386, 1388, 1389, 1390, 1391, 1392, 1394, 1395, 1396, 1397, 1398, 1399, 1400, 1403, 1409, 1426, 1428, 1429, 1430, 1431, 1432, 1434, 1435, 1436, 1437, 1441, 1447, 1449, 1450, 1451, 1457, 1459, 1460, 1462, 1463, 1464, 1466, 1467, 1468, 1469, 1470, 1472, 1479, 1481, 1482, 1483, 1485, 1486, 1487, 1488, 1489, 1490, 1491, 1492, 1493, 1494, 1496, 1503, 1505, 1506, 1508, 1509, 1510, 1511, 1513, 1514, 1515, 1516, 1517, 1519, 1520, 1527, 1535, 1537, 1538, 1539, 1540, 1541, 1543, 1544, 1548, 1555, 1559, 1563], "excluded_lines": []}}}, "tools/muscle/code_generator.py": {"executed_lines": [1, 13, 15, 16, 17, 18, 19, 20, 21, 23, 26, 28, 30, 57, 58, 59, 60, 61, 62, 63, 66, 73, 74, 75, 77, 79, 81, 84, 86, 88, 92, 98, 114, 117, 118, 120, 122, 123, 124, 125, 126, 129, 130, 137, 138, 139, 140, 142, 149, 150, 151, 153, 154, 155, 156, 158, 159, 160, 165, 166, 183, 187, 189, 190, 191, 193, 194, 195, 201, 207, 220, 224, 226, 228, 231, 233, 234, 238, 240, 241, 246, 247, 248, 249, 252, 253, 254, 255, 256, 257, 258, 263, 265, 266, 267, 270, 271, 280, 281, 282, 283, 284, 285, 286, 291, 292, 294, 295, 297, 298, 299, 300, 301, 302, 304, 305, 307, 308, 309, 311, 319, 320, 322, 326, 328, 330, 335, 336, 338, 340, 341, 342, 343, 344, 348, 349, 351, 352, 354, 355, 356, 357, 359, 360, 362, 363, 364, 365, 372, 373, 375, 377, 378, 380, 381, 382, 383, 384, 390, 391, 394, 402, 404, 425, 426, 428, 431, 433, 443, 444, 446, 448, 449, 451, 454, 456, 457, 492, 494, 495, 496, 497, 499, 518, 519, 527, 528, 530, 531, 532, 533, 534, 536, 539, 540, 541, 545, 546, 547, 564, 569, 572, 573, 575, 578, 580, 581, 584, 585, 586, 588, 589, 590, 593, 595, 596, 608, 623, 625, 626, 709, 710, 711, 713, 726, 728, 729, 735, 736, 737, 740, 741, 743, 745, 747], "summary": {"covered_lines": 234, "num_statements": 406, "percent_covered": 57.635467980295566, "percent_covered_display": "58", "missing_lines": 172, "excluded_lines": 0}, "missing_lines": [24, 82, 89, 90, 93, 94, 119, 121, 161, 162, 163, 167, 168, 169, 170, 171, 172, 173, 174, 175, 176, 177, 178, 180, 181, 202, 203, 204, 205, 209, 210, 211, 213, 214, 215, 216, 218, 221, 222, 229, 235, 236, 242, 243, 244, 250, 259, 260, 261, 268, 272, 273, 274, 275, 276, 277, 278, 287, 288, 289, 296, 306, 337, 346, 366, 367, 368, 369, 370, 385, 386, 387, 388, 395, 396, 397, 398, 399, 400, 405, 422, 423, 434, 435, 436, 437, 438, 439, 440, 441, 458, 459, 460, 462, 463, 464, 466, 467, 469, 470, 471, 473, 474, 475, 476, 477, 478, 479, 480, 482, 483, 484, 485, 486, 487, 488, 489, 490, 537, 542, 543, 554, 555, 556, 557, 558, 559, 560, 561, 562, 565, 566, 567, 570, 576, 582, 591, 603, 604, 605, 606, 609, 616, 618, 619, 620, 621, 714, 715, 716, 717, 718, 719, 720, 721, 722, 723, 724, 738, 742, 744, 746, 749, 750, 751, 752, 753, 754, 755, 756, 758, 770], "excluded_lines": [], "functions": {"_build_user_prompt": {"executed_lines": [73, 74, 75, 77, 79, 81, 84, 86, 88, 92, 98, 114], "summary": {"covered_lines": 12, "num_statements": 17, "percent_covered": 70.58823529411765, "percent_covered_display": "71", "missing_lines": 5, "excluded_lines": 0}, "missing_lines": [82, 89, 90, 93, 94], "excluded_lines": []}, "_sanitize_for_prompt": {"executed_lines": [118, 120, 122, 123, 124, 125, 126], "summary": {"covered_lines": 7, "num_statements": 9, "percent_covered": 77.77777777777777, "percent_covered_display": "78", "missing_lines": 2, "excluded_lines": 0}, "missing_lines": [119, 121], "excluded_lines": []}, "CodeGenerator.__init__": {"executed_lines": [137, 138, 139, 140], "summary": {"covered_lines": 4, "num_statements": 4, "percent_covered": 100.0, "percent_covered_display": "100", "missing_lines": 0, "excluded_lines": 0}, "missing_lines": [], "excluded_lines": []}, "CodeGenerator.generate": {"executed_lines": [149, 150, 151, 153, 154, 155, 156, 158, 159, 160, 165, 166, 183, 187, 189, 190, 191, 193, 194, 195, 201, 207, 220, 224, 226, 228, 231], "summary": {"covered_lines": 27, "num_statements": 59, "percent_covered": 45.76271186440678, "percent_covered_display": "46", "missing_lines": 32, "excluded_lines": 0}, "missing_lines": [161, 162, 163, 167, 168, 169, 170, 171, 172, 173, 174, 175, 176, 177, 178, 180, 181, 202, 203, 204, 205, 209, 210, 211, 213, 214, 215, 216, 218, 221, 222, 229], "excluded_lines": []}, "CodeGenerator._parse_and_write": {"executed_lines": [234, 238, 240, 241, 246, 247, 248, 249, 252, 253, 254, 255, 256, 257, 258, 263, 265, 266, 267, 270, 271, 280, 281, 282, 283, 284, 285, 286, 291, 292], "summary": {"covered_lines": 30, "num_statements": 50, "percent_covered": 60.0, "percent_covered_display": "60", "missing_lines": 20, "excluded_lines": 0}, "missing_lines": [235, 236, 242, 243, 244, 250, 259, 260, 261, 268, 272, 273, 274, 275, 276, 277, 278, 287, 288, 289], "excluded_lines": []}, "CodeGenerator._sanitize_filename": {"executed_lines": [295, 297, 298, 299, 300, 301, 302], "summary": {"covered_lines": 7, "num_statements": 8, "percent_covered": 87.5, "percent_covered_display": "88", "missing_lines": 1, "excluded_lines": 0}, "missing_lines": [296], "excluded_lines": []}, "CodeGenerator._sanitize_content": {"executed_lines": [305, 307, 308, 309], "summary": {"covered_lines": 4, "num_statements": 5, "percent_covered": 80.0, "percent_covered_display": "80", "missing_lines": 1, "excluded_lines": 0}, "missing_lines": [306], "excluded_lines": []}, "CodeGenerator.generate_streaming": {"executed_lines": [319, 320, 322, 326, 328, 330, 335, 336, 338, 340, 341, 342, 343, 344], "summary": {"covered_lines": 14, "num_statements": 16, "percent_covered": 87.5, "percent_covered_display": "88", "missing_lines": 2, "excluded_lines": 0}, "missing_lines": [337, 346], "excluded_lines": []}, "CodeGenerator._extract_code_blocks": {"executed_lines": [349, 351, 352, 354, 355, 356, 357, 359, 360, 362, 363, 364, 365, 372, 373, 375], "summary": {"covered_lines": 16, "num_statements": 21, "percent_covered": 76.19047619047619, "percent_covered_display": "76", "missing_lines": 5, "excluded_lines": 0}, "missing_lines": [366, 367, 368, 369, 370], "excluded_lines": []}, "CodeGenerator._extract_inline_code_blocks": {"executed_lines": [378, 380, 381, 382, 383, 384, 390, 391, 394, 402], "summary": {"covered_lines": 10, "num_statements": 20, "percent_covered": 50.0, "percent_covered_display": "50", "missing_lines": 10, "excluded_lines": 0}, "missing_lines": [385, 386, 387, 388, 395, 396, 397, 398, 399, 400], "excluded_lines": []}, "CodeGenerator._looks_like_code": {"executed_lines": [], "summary": {"covered_lines": 0, "num_statements": 3, "percent_covered": 0.0, "percent_covered_display": "0", "missing_lines": 3, "excluded_lines": 0}, "missing_lines": [405, 422, 423], "excluded_lines": []}, "CodeGenerator._extract_alternative": {"executed_lines": [426, 428, 431, 433, 443, 444, 446], "summary": {"covered_lines": 7, "num_statements": 15, "percent_covered": 46.666666666666664, "percent_covered_display": "47", "missing_lines": 8, "excluded_lines": 0}, "missing_lines": [434, 435, 436, 437, 438, 439, 440, 441], "excluded_lines": []}, "CodeGenerator._extract_filelist_alternative": {"executed_lines": [449, 451, 454, 456, 457, 492], "summary": {"covered_lines": 6, "num_statements": 34, "percent_covered": 17.647058823529413, "percent_covered_display": "18", "missing_lines": 28, "excluded_lines": 0}, "missing_lines": [458, 459, 460, 462, 463, 464, 466, 467, 469, 470, 471, 473, 474, 475, 476, 477, 478, 479, 480, 482, 483, 484, 485, 486, 487, 488, 489, 490], "excluded_lines": []}, "CodeGenerator._extract_plain_code": {"executed_lines": [495, 496, 497, 499, 518, 519, 527, 528, 530, 531, 532, 533, 534, 536, 539, 540, 541, 545, 546, 547, 564, 569, 572, 573, 575, 578], "summary": {"covered_lines": 26, "num_statements": 43, "percent_covered": 60.46511627906977, "percent_covered_display": "60", "missing_lines": 17, "excluded_lines": 0}, "missing_lines": [537, 542, 543, 554, 555, 556, 557, 558, 559, 560, 561, 562, 565, 566, 567, 570, 576], "excluded_lines": []}, "CodeGenerator._extract_code_lines_by_indentation": {"executed_lines": [581, 584, 585, 586, 588, 589, 590, 593, 595, 596, 608, 623], "summary": {"covered_lines": 12, "num_statements": 24, "percent_covered": 50.0, "percent_covered_display": "50", "missing_lines": 12, "excluded_lines": 0}, "missing_lines": [582, 591, 603, 604, 605, 606, 609, 616, 618, 619, 620, 621], "excluded_lines": []}, "CodeGenerator._detect_language": {"executed_lines": [626, 709, 710, 711, 713, 726], "summary": {"covered_lines": 6, "num_statements": 17, "percent_covered": 35.294117647058826, "percent_covered_display": "35", "missing_lines": 11, "excluded_lines": 0}, "missing_lines": [714, 715, 716, 717, 718, 719, 720, 721, 722, 723, 724], "excluded_lines": []}, "CodeGenerator._infer_filename": {"executed_lines": [729, 735, 736, 737, 740, 741, 743, 745, 747], "summary": {"covered_lines": 9, "num_statements": 23, "percent_covered": 39.130434782608695, "percent_covered_display": "39", "missing_lines": 14, "excluded_lines": 0}, "missing_lines": [738, 742, 744, 746, 749, 750, 751, 752, 753, 754, 755, 756, 758, 770], "excluded_lines": []}, "": {"executed_lines": [1, 13, 15, 16, 17, 18, 19, 20, 21, 23, 26, 28, 30, 57, 58, 59, 60, 61, 62, 63, 66, 117, 129, 130, 142, 233, 294, 304, 311, 348, 377, 404, 425, 448, 494, 580, 625, 728], "summary": {"covered_lines": 37, "num_statements": 38, "percent_covered": 97.36842105263158, "percent_covered_display": "97", "missing_lines": 1, "excluded_lines": 0}, "missing_lines": [24], "excluded_lines": []}}, "classes": {"GenerationResult": {"executed_lines": [], "summary": {"covered_lines": 0, "num_statements": 0, "percent_covered": 100.0, "percent_covered_display": "100", "missing_lines": 0, "excluded_lines": 0}, "missing_lines": [], "excluded_lines": []}, "CodeGenerator": {"executed_lines": [137, 138, 139, 140, 149, 150, 151, 153, 154, 155, 156, 158, 159, 160, 165, 166, 183, 187, 189, 190, 191, 193, 194, 195, 201, 207, 220, 224, 226, 228, 231, 234, 238, 240, 241, 246, 247, 248, 249, 252, 253, 254, 255, 256, 257, 258, 263, 265, 266, 267, 270, 271, 280, 281, 282, 283, 284, 285, 286, 291, 292, 295, 297, 298, 299, 300, 301, 302, 305, 307, 308, 309, 319, 320, 322, 326, 328, 330, 335, 336, 338, 340, 341, 342, 343, 344, 349, 351, 352, 354, 355, 356, 357, 359, 360, 362, 363, 364, 365, 372, 373, 375, 378, 380, 381, 382, 383, 384, 390, 391, 394, 402, 426, 428, 431, 433, 443, 444, 446, 449, 451, 454, 456, 457, 492, 495, 496, 497, 499, 518, 519, 527, 528, 530, 531, 532, 533, 534, 536, 539, 540, 541, 545, 546, 547, 564, 569, 572, 573, 575, 578, 581, 584, 585, 586, 588, 589, 590, 593, 595, 596, 608, 623, 626, 709, 710, 711, 713, 726, 729, 735, 736, 737, 740, 741, 743, 745, 747], "summary": {"covered_lines": 178, "num_statements": 342, "percent_covered": 52.046783625730995, "percent_covered_display": "52", "missing_lines": 164, "excluded_lines": 0}, "missing_lines": [161, 162, 163, 167, 168, 169, 170, 171, 172, 173, 174, 175, 176, 177, 178, 180, 181, 202, 203, 204, 205, 209, 210, 211, 213, 214, 215, 216, 218, 221, 222, 229, 235, 236, 242, 243, 244, 250, 259, 260, 261, 268, 272, 273, 274, 275, 276, 277, 278, 287, 288, 289, 296, 306, 337, 346, 366, 367, 368, 369, 370, 385, 386, 387, 388, 395, 396, 397, 398, 399, 400, 405, 422, 423, 434, 435, 436, 437, 438, 439, 440, 441, 458, 459, 460, 462, 463, 464, 466, 467, 469, 470, 471, 473, 474, 475, 476, 477, 478, 479, 480, 482, 483, 484, 485, 486, 487, 488, 489, 490, 537, 542, 543, 554, 555, 556, 557, 558, 559, 560, 561, 562, 565, 566, 567, 570, 576, 582, 591, 603, 604, 605, 606, 609, 616, 618, 619, 620, 621, 714, 715, 716, 717, 718, 719, 720, 721, 722, 723, 724, 738, 742, 744, 746, 749, 750, 751, 752, 753, 754, 755, 756, 758, 770], "excluded_lines": []}, "": {"executed_lines": [1, 13, 15, 16, 17, 18, 19, 20, 21, 23, 26, 28, 30, 57, 58, 59, 60, 61, 62, 63, 66, 73, 74, 75, 77, 79, 81, 84, 86, 88, 92, 98, 114, 117, 118, 120, 122, 123, 124, 125, 126, 129, 130, 142, 233, 294, 304, 311, 348, 377, 404, 425, 448, 494, 580, 625, 728], "summary": {"covered_lines": 56, "num_statements": 64, "percent_covered": 87.5, "percent_covered_display": "88", "missing_lines": 8, "excluded_lines": 0}, "missing_lines": [24, 82, 89, 90, 93, 94, 119, 121], "excluded_lines": []}}}, "tools/muscle/code_review/__init__.py": {"executed_lines": [1, 12, 13, 14, 15, 16, 17, 18, 19, 36], "summary": {"covered_lines": 9, "num_statements": 9, "percent_covered": 100.0, "percent_covered_display": "100", "missing_lines": 0, "excluded_lines": 0}, "missing_lines": [], "excluded_lines": [], "functions": {"": {"executed_lines": [1, 12, 13, 14, 15, 16, 17, 18, 19, 36], "summary": {"covered_lines": 9, "num_statements": 9, "percent_covered": 100.0, "percent_covered_display": "100", "missing_lines": 0, "excluded_lines": 0}, "missing_lines": [], "excluded_lines": []}}, "classes": {"": {"executed_lines": [1, 12, 13, 14, 15, 16, 17, 18, 19, 36], "summary": {"covered_lines": 9, "num_statements": 9, "percent_covered": 100.0, "percent_covered_display": "100", "missing_lines": 0, "excluded_lines": 0}, "missing_lines": [], "excluded_lines": []}}}, "tools/muscle/code_review/agent_generator.py": {"executed_lines": [1, 12, 14, 15, 16, 17, 19, 21, 23, 66, 67, 68, 69, 70, 71, 72, 73, 75, 81, 82, 83, 85, 86, 88, 89, 90, 109, 110, 111, 112, 113, 115, 116, 118, 140, 141, 142, 143, 145, 147, 149, 151, 152, 153, 155, 157, 158, 159], "summary": {"covered_lines": 47, "num_statements": 57, "percent_covered": 82.45614035087719, "percent_covered_display": "82", "missing_lines": 10, "excluded_lines": 0}, "missing_lines": [92, 94, 99, 100, 101, 102, 103, 104, 105, 107], "excluded_lines": [], "functions": {"AgentGenerator.__init__": {"executed_lines": [68, 69, 70, 71, 72, 73], "summary": {"covered_lines": 6, "num_statements": 6, "percent_covered": 100.0, "percent_covered_display": "100", "missing_lines": 0, "excluded_lines": 0}, "missing_lines": [], "excluded_lines": []}, "AgentGenerator.generate_agent": {"executed_lines": [81, 82, 83, 85, 86, 88, 89, 90], "summary": {"covered_lines": 8, "num_statements": 18, "percent_covered": 44.44444444444444, "percent_covered_display": "44", "missing_lines": 10, "excluded_lines": 0}, "missing_lines": [92, 94, 99, 100, 101, 102, 103, 104, 105, 107], "excluded_lines": []}, "AgentGenerator._pattern_to_agent_name": {"executed_lines": [110, 111, 112, 113], "summary": {"covered_lines": 4, "num_statements": 4, "percent_covered": 100.0, "percent_covered_display": "100", "missing_lines": 0, "excluded_lines": 0}, "missing_lines": [], "excluded_lines": []}, "AgentGenerator._build_agent_prompt": {"executed_lines": [116, 118], "summary": {"covered_lines": 2, "num_statements": 2, "percent_covered": 100.0, "percent_covered_display": "100", "missing_lines": 0, "excluded_lines": 0}, "missing_lines": [], "excluded_lines": []}, "AgentGenerator._parse_agent_content": {"executed_lines": [141, 142, 143], "summary": {"covered_lines": 3, "num_statements": 3, "percent_covered": 100.0, "percent_covered_display": "100", "missing_lines": 0, "excluded_lines": 0}, "missing_lines": [], "excluded_lines": []}, "AgentGenerator.get_generated_agents": {"executed_lines": [147], "summary": {"covered_lines": 1, "num_statements": 1, "percent_covered": 100.0, "percent_covered_display": "100", "missing_lines": 0, "excluded_lines": 0}, "missing_lines": [], "excluded_lines": []}, "AgentGenerator.list_agents": {"executed_lines": [151, 152, 153], "summary": {"covered_lines": 3, "num_statements": 3, "percent_covered": 100.0, "percent_covered_display": "100", "missing_lines": 0, "excluded_lines": 0}, "missing_lines": [], "excluded_lines": []}, "AgentGenerator.validate_agent": {"executed_lines": [157, 158, 159], "summary": {"covered_lines": 3, "num_statements": 3, "percent_covered": 100.0, "percent_covered_display": "100", "missing_lines": 0, "excluded_lines": 0}, "missing_lines": [], "excluded_lines": []}, "": {"executed_lines": [1, 12, 14, 15, 16, 17, 19, 21, 23, 66, 67, 75, 109, 115, 140, 145, 149, 155], "summary": {"covered_lines": 17, "num_statements": 17, "percent_covered": 100.0, "percent_covered_display": "100", "missing_lines": 0, "excluded_lines": 0}, "missing_lines": [], "excluded_lines": []}}, "classes": {"AgentGenerator": {"executed_lines": [68, 69, 70, 71, 72, 73, 81, 82, 83, 85, 86, 88, 89, 90, 110, 111, 112, 113, 116, 118, 141, 142, 143, 147, 151, 152, 153, 157, 158, 159], "summary": {"covered_lines": 30, "num_statements": 40, "percent_covered": 75.0, "percent_covered_display": "75", "missing_lines": 10, "excluded_lines": 0}, "missing_lines": [92, 94, 99, 100, 101, 102, 103, 104, 105, 107], "excluded_lines": []}, "": {"executed_lines": [1, 12, 14, 15, 16, 17, 19, 21, 23, 66, 67, 75, 109, 115, 140, 145, 149, 155], "summary": {"covered_lines": 17, "num_statements": 17, "percent_covered": 100.0, "percent_covered_display": "100", "missing_lines": 0, "excluded_lines": 0}, "missing_lines": [], "excluded_lines": []}}}, "tools/muscle/code_review/agent_kb_fetcher.py": {"executed_lines": [1, 13, 15, 16, 17, 18, 19, 20, 21, 23, 25, 26, 32, 33, 34, 35, 36, 37, 38, 39, 41, 43, 44, 46, 47, 48, 49, 50, 52, 53, 55, 57, 58, 61, 63, 71, 73, 74, 77, 79, 87, 89, 90, 91, 94, 95, 96, 98, 100, 102, 103, 105, 106, 107, 117, 119, 121, 123, 124, 126, 127, 128, 138, 140, 142, 143, 148, 149, 151, 153, 155, 158, 159, 160, 162, 167, 171, 173, 174, 175, 177, 179, 180, 181, 183, 185, 186, 193, 195, 196, 203, 205, 206, 207, 219, 221, 223, 224, 225], "summary": {"covered_lines": 98, "num_statements": 119, "percent_covered": 82.3529411764706, "percent_covered_display": "82", "missing_lines": 21, "excluded_lines": 0}, "missing_lines": [64, 65, 66, 67, 68, 69, 80, 81, 82, 83, 84, 85, 92, 93, 156, 163, 164, 165, 168, 169, 238], "excluded_lines": [], "functions": {"AgentKBFetcher.__init__": {"executed_lines": [34, 35, 36, 37, 38, 39], "summary": {"covered_lines": 6, "num_statements": 6, "percent_covered": 100.0, "percent_covered_display": "100", "missing_lines": 0, "excluded_lines": 0}, "missing_lines": [], "excluded_lines": []}, "AgentKBFetcher.fetch_all": {"executed_lines": [43, 44, 46, 47, 48, 49, 50, 52, 53], "summary": {"covered_lines": 9, "num_statements": 9, "percent_covered": 100.0, "percent_covered_display": "100", "missing_lines": 0, "excluded_lines": 0}, "missing_lines": [], "excluded_lines": []}, "AgentKBFetcher._fetch_subagents": {"executed_lines": [57, 58, 61, 63], "summary": {"covered_lines": 4, "num_statements": 10, "percent_covered": 40.0, "percent_covered_display": "40", "missing_lines": 6, "excluded_lines": 0}, "missing_lines": [64, 65, 66, 67, 68, 69], "excluded_lines": []}, "AgentKBFetcher._fetch_skills": {"executed_lines": [73, 74, 77, 79], "summary": {"covered_lines": 4, "num_statements": 10, "percent_covered": 40.0, "percent_covered_display": "40", "missing_lines": 6, "excluded_lines": 0}, "missing_lines": [80, 81, 82, 83, 84, 85], "excluded_lines": []}, "AgentKBFetcher._fetch_url": {"executed_lines": [89, 90, 91, 94, 95, 96], "summary": {"covered_lines": 6, "num_statements": 8, "percent_covered": 75.0, "percent_covered_display": "75", "missing_lines": 2, "excluded_lines": 0}, "missing_lines": [92, 93], "excluded_lines": []}, "AgentKBFetcher._parse_subagents_from_readme": {"executed_lines": [100, 102, 103, 105, 106, 107, 117], "summary": {"covered_lines": 7, "num_statements": 7, "percent_covered": 100.0, "percent_covered_display": "100", "missing_lines": 0, "excluded_lines": 0}, "missing_lines": [], "excluded_lines": []}, "AgentKBFetcher._parse_skills_from_readme": {"executed_lines": [121, 123, 124, 1
[...]
y": "98", "missing_lines": 1, "excluded_lines": 0}, "missing_lines": [19], "excluded_lines": []}}}, "tools/muscle/tui/views.py": {"executed_lines": [1, 7, 9, 10, 11, 13, 14, 15, 16, 17, 18, 21, 22, 25, 28, 29, 30, 31, 32, 33, 34, 35, 38, 39, 40, 41, 42, 43, 44, 45, 46, 49, 50, 51, 52, 53, 54, 55, 56, 58, 59, 60, 61, 68, 70, 71, 72, 76, 78, 79, 80, 81, 83, 86, 87, 88, 89, 90, 91, 92, 93, 94, 96, 97, 106, 109, 110, 111, 112, 113, 114, 115, 116, 118, 119, 127, 130, 131, 132, 133, 134, 136, 137, 138, 139, 140, 141, 143, 146, 147, 148, 149, 150, 151, 153, 161, 162, 164, 167, 168, 169, 170, 171, 172, 173, 175, 176, 183, 186, 187, 188, 189, 190, 191, 192, 194, 200, 201, 203, 206, 207, 228, 257, 298], "summary": {"covered_lines": 123, "num_statements": 183, "percent_covered": 67.21311475409836, "percent_covered_display": "67", "missing_lines": 60, "excluded_lines": 0}, "missing_lines": [62, 63, 73, 74, 208, 209, 218, 229, 231, 237, 240, 242, 243, 245, 246, 247, 248, 250, 251, 253, 255, 258, 259, 260, 261, 262, 263, 264, 265, 266, 267, 271, 272, 273, 274, 278, 279, 280, 281, 285, 286, 287, 288, 292, 293, 294, 295, 296, 299, 301, 302, 303, 304, 305, 306, 307, 309, 310, 311, 312], "excluded_lines": [], "functions": {"ViewInterface.render": {"executed_lines": [22], "summary": {"covered_lines": 1, "num_statements": 1, "percent_covered": 100.0, "percent_covered_display": "100", "missing_lines": 0, "excluded_lines": 0}, "missing_lines": [], "excluded_lines": []}, "DashboardView.render": {"executed_lines": [51, 52, 53, 54, 55, 56, 58, 59, 60, 61, 68, 70, 71, 72, 76, 78, 79, 80, 81, 83], "summary": {"covered_lines": 20, "num_statements": 24, "percent_covered": 83.33333333333333, "percent_covered_display": "83", "missing_lines": 4, "excluded_lines": 0}, "missing_lines": [62, 63, 73, 74], "excluded_lines": []}, "ReviewsView.render": {"executed_lines": [88, 89, 90, 91, 92, 93, 94, 96, 97, 106], "summary": {"covered_lines": 10, "num_statements": 10, "percent_covered": 100.0, "percent_covered_display": "100", "missing_lines": 0, "excluded_lines": 0}, "missing_lines": [], "excluded_lines": []}, "HistoryView.render": {"executed_lines": [111, 112, 113, 114, 115, 116, 118, 119, 127], "summary": {"covered_lines": 9, "num_statements": 9, "percent_covered": 100.0, "percent_covered_display": "100", "missing_lines": 0, "excluded_lines": 0}, "missing_lines": [], "excluded_lines": []}, "SettingsView.render": {"executed_lines": [132, 133, 134, 136, 137, 138, 139, 140, 141, 143], "summary": {"covered_lines": 10, "num_statements": 10, "percent_covered": 100.0, "percent_covered_display": "100", "missing_lines": 0, "excluded_lines": 0}, "missing_lines": [], "excluded_lines": []}, "KnowledgeView.render": {"executed_lines": [148, 149, 150, 151, 153, 161, 162, 164], "summary": {"covered_lines": 8, "num_statements": 8, "percent_covered": 100.0, "percent_covered_display": "100", "missing_lines": 0, "excluded_lines": 0}, "missing_lines": [], "excluded_lines": []}, "FixesView.render": {"executed_lines": [169, 170, 171, 172, 173, 175, 176, 183], "summary": {"covered_lines": 8, "num_statements": 8, "percent_covered": 100.0, "percent_covered_display": "100", "missing_lines": 0, "excluded_lines": 0}, "missing_lines": [], "excluded_lines": []}, "ProjectsView.render": {"executed_lines": [188, 189, 190, 191, 192, 194, 200, 201, 203], "summary": {"covered_lines": 9, "num_statements": 9, "percent_covered": 100.0, "percent_covered_display": "100", "missing_lines": 0, "excluded_lines": 0}, "missing_lines": [], "excluded_lines": []}, "TUI.__init__": {"executed_lines": [], "summary": {"covered_lines": 0, "num_statements": 3, "percent_covered": 0.0, "percent_covered_display": "0", "missing_lines": 3, "excluded_lines": 0}, "missing_lines": [208, 209, 218], "excluded_lines": []}, "TUI.render": {"executed_lines": [], "summary": {"covered_lines": 0, "num_statements": 14, "percent_covered": 0.0, "percent_covered_display": "0", "missing_lines": 14, "excluded_lines": 0}, "missing_lines": [229, 231, 237, 240, 242, 243, 245, 246, 247, 248, 250, 251, 253, 255], "excluded_lines": []}, "TUI.handle_key": {"executed_lines": [], "summary": {"covered_lines": 0, "num_statements": 27, "percent_covered": 0.0, "percent_covered_display": "0", "missing_lines": 27, "excluded_lines": 0}, "missing_lines": [258, 259, 260, 261, 262, 263, 264, 265, 266, 267, 271, 272, 273, 274, 278, 279, 280, 281, 285, 286, 287, 288, 292, 293, 294, 295, 296], "excluded_lines": []}, "TUI.run": {"executed_lines": [], "summary": {"covered_lines": 0, "num_statements": 12, "percent_covered": 0.0, "percent_covered_display": "0", "missing_lines": 12, "excluded_lines": 0}, "missing_lines": [299, 301, 302, 303, 304, 305, 306, 307, 309, 310, 311, 312], "excluded_lines": []}, "": {"executed_lines": [1, 7, 9, 10, 11, 13, 14, 15, 16, 17, 18, 21, 25, 28, 29, 30, 31, 32, 33, 34, 35, 38, 39, 40, 41, 42, 43, 44, 45, 46, 49, 50, 86, 87, 109, 110, 130, 131, 146, 147, 167, 168, 186, 187, 206, 207, 228, 257, 298], "summary": {"covered_lines": 48, "num_statements": 48, "percent_covered": 100.0, "percent_covered_display": "100", "missing_lines": 0, "excluded_lines": 0}, "missing_lines": [], "excluded_lines": []}}, "classes": {"ViewInterface": {"executed_lines": [22], "summary": {"covered_lines": 1, "num_statements": 1, "percent_covered": 100.0, "percent_covered_display": "100", "missing_lines": 0, "excluded_lines": 0}, "missing_lines": [], "excluded_lines": []}, "View": {"executed_lines": [], "summary": {"covered_lines": 0, "num_statements": 0, "percent_covered": 100.0, "percent_covered_display": "100", "missing_lines": 0, "excluded_lines": 0}, "missing_lines": [], "excluded_lines": []}, "ViewState": {"executed_lines": [], "summary": {"covered_lines": 0, "num_statements": 0, "percent_covered": 100.0, "percent_covered_display": "100", "missing_lines": 0, "excluded_lines": 0}, "missing_lines": [], "excluded_lines": []}, "DashboardView": {"executed_lines": [51, 52, 53, 54, 55, 56, 58, 59, 60, 61, 68, 70, 71, 72, 76, 78, 79, 80, 81, 83], "summary": {"covered_lines": 20, "num_statements": 24, "percent_covered": 83.33333333333333, "percent_covered_display": "83", "missing_lines": 4, "excluded_lines": 0}, "missing_lines": [62, 63, 73, 74], "excluded_lines": []}, "ReviewsView": {"executed_lines": [88, 89, 90, 91, 92, 93, 94, 96, 97, 106], "summary": {"covered_lines": 10, "num_statements": 10, "percent_covered": 100.0, "percent_covered_display": "100", "missing_lines": 0, "excluded_lines": 0}, "missing_lines": [], "excluded_lines": []}, "HistoryView": {"executed_lines": [111, 112, 113, 114, 115, 116, 118, 119, 127], "summary": {"covered_lines": 9, "num_statements": 9, "percent_covered": 100.0, "percent_covered_display": "100", "missing_lines": 0, "excluded_lines": 0}, "missing_lines": [], "excluded_lines": []}, "SettingsView": {"executed_lines": [132, 133, 134, 136, 137, 138, 139, 140, 141, 143], "summary": {"covered_lines": 10, "num_statements": 10, "percent_covered": 100.0, "percent_covered_display": "100", "missing_lines": 0, "excluded_lines": 0}, "missing_lines": [], "excluded_lines": []}, "KnowledgeView": {"executed_lines": [148, 149, 150, 151, 153, 161, 162, 164], "summary": {"covered_lines": 8, "num_statements": 8, "percent_covered": 100.0, "percent_covered_display": "100", "missing_lines": 0, "excluded_lines": 0}, "missing_lines": [], "excluded_lines": []}, "FixesView": {"executed_lines": [169, 170, 171, 172, 173, 175, 176, 183], "summary": {"covered_lines": 8, "num_statements": 8, "percent_covered": 100.0, "percent_covered_display": "100", "missing_lines": 0, "excluded_lines": 0}, "missing_lines": [], "excluded_lines": []}, "ProjectsView": {"executed_lines": [188, 189, 190, 191, 192, 194, 200, 201, 203], "summary": {"covered_lines": 9, "num_statements": 9, "percent_covered": 100.0, "percent_covered_display": "100", "missing_lines": 0, "excluded_lines": 0}, "missing_lines": [], "excluded_lines": []}, "TUI": {"executed_lines": [], "summary": {"covered_lines": 0, "num_statements": 56, "percent_covered": 0.0, "percent_covered_display": "0", "missing_lines": 56, "excluded_lines": 0}, "missing_lines": [208, 209, 218, 229, 231, 237, 240, 242, 243, 245, 246, 247, 248, 250, 251, 253, 255, 258, 259, 260, 261, 262, 263, 264, 265, 266, 267, 271, 272, 273, 274, 278, 279, 280, 281, 285, 286, 287, 288, 292, 293, 294, 295, 296, 299, 301, 302, 303, 304, 305, 306, 307, 309, 310, 311, 312], "excluded_lines": []}, "": {"executed_lines": [1, 7, 9, 10, 11, 13, 14, 15, 16, 17, 18, 21, 25, 28, 29, 30, 31, 32, 33, 34, 35, 38, 39, 40, 41, 42, 43, 44, 45, 46, 49, 50, 86, 87, 109, 110, 130, 131, 146, 147, 167, 168, 186, 187, 206, 207, 228, 257, 298], "summary": {"covered_lines": 48, "num_statements": 48, "percent_covered": 100.0, "percent_covered_display": "100", "missing_lines": 0, "excluded_lines": 0}, "missing_lines": [], "excluded_lines": []}}}, "tools/muscle/types.py": {"executed_lines": [1, 10, 12, 13, 14, 15, 17, 21, 22, 23, 24, 27, 28, 29, 30, 33, 34, 35, 36, 37, 38, 41, 42, 43, 44, 45, 46, 47, 48, 49, 50, 51, 52, 53, 54, 55, 58, 59, 60, 61, 62, 63, 64, 65, 66, 67, 70, 71, 72, 73, 74, 75, 76, 77, 80, 81, 82, 83, 84, 85, 86, 88, 89, 90, 97, 98, 99, 108, 109, 110, 111, 112, 113, 116, 117, 118, 119, 120, 122, 123, 126, 127, 133, 134, 135, 136, 137, 138, 141, 142, 143, 144, 145, 146, 147, 148, 149, 150, 153, 154, 155, 156, 157, 158, 159, 160, 161, 162, 163, 164, 165], "summary": {"covered_lines": 110, "num_statements": 115, "percent_covered": 95.65217391304348, "percent_covered_display": "96", "missing_lines": 5, "excluded_lines": 0}, "missing_lines": [18, 124, 128, 129, 130], "excluded_lines": [], "functions": {"EvaluationResult.all_errors": {"executed_lines": [90], "summary": {"covered_lines": 1, "num_statements": 1, "percent_covered": 100.0, "percent_covered_display": "100", "missing_lines": 0, "excluded_lines": 0}, "missing_lines": [], "excluded_lines": []}, "EvaluationResult.has_warnings_only": {"executed_lines": [99], "summary": {"covered_lines": 1, "num_statements": 1, "percent_covered": 100.0, "percent_covered_display": "100", "missing_lines": 0, "excluded_lines": 0}, "missing_lines": [], "excluded_lines": []}, "BudgetInfo.remaining": {"executed_lines": [], "summary": {"covered_lines": 0, "num_statements": 1, "percent_covered": 0.0, "percent_covered_display": "0", "missing_lines": 1, "excluded_lines": 0}, "missing_lines": [124], "excluded_lines": []}, "BudgetInfo.percentage": {"executed_lines": [], "summary": {"covered_lines": 0, "num_statements": 3, "percent_covered": 0.0, "percent_covered_display": "0", "missing_lines": 3, "excluded_lines": 0}, "missing_lines": [128, 129, 130], "excluded_lines": []}, "": {"executed_lines": [1, 10, 12, 13, 14, 15, 17, 21, 22, 23, 24, 27, 28, 29, 30, 33, 34, 35, 36, 37, 38, 41, 42, 43, 44, 45, 46, 47, 48, 49, 50, 51, 52, 53, 54, 55, 58, 59, 60, 61, 62, 63, 64, 65, 66, 67, 70, 71, 72, 73, 74, 75, 76, 77, 80, 81, 82, 83, 84, 85, 86, 88, 89, 97, 98, 108, 109, 110, 111, 112, 113, 116, 117, 118, 119, 120, 122, 123, 126, 127, 133, 134, 135, 136, 137, 138, 141, 142, 143, 144, 145, 146, 147, 148, 149, 150, 153, 154, 155, 156, 157, 158, 159, 160, 161, 162, 163, 164, 165], "summary": {"covered_lines": 108, "num_statements": 109, "percent_covered": 99.08256880733946, "percent_covered_display": "99", "missing_lines": 1, "excluded_lines": 0}, "missing_lines": [18], "excluded_lines": []}}, "classes": {"EvalMode": {"executed_lines": [], "summary": {"covered_lines": 0, "num_statements": 0, "percent_covered": 100.0, "percent_covered_display": "100", "missing_lines": 0, "excluded_lines": 0}, "missing_lines": [], "excluded_lines": []}, "BudgetMode": {"executed_lines": [], "summary": {"covered_lines": 0, "num_statements": 0, "percent_covered": 100.0, "percent_covered_display": "100", "missing_lines": 0, "excluded_lines": 0}, "missing_lines": [], "excluded_lines": []}, "SessionStatus": {"executed_lines": [], "summary": {"covered_lines": 0, "num_statements": 0, "percent_covered": 100.0, "percent_covered_display": "100", "missing_lines": 0, "excluded_lines": 0}, "missing_lines": [], "excluded_lines": []}, "RunConfig": {"executed_lines": [], "summary": {"covered_lines": 0, "num_statements": 0, "percent_covered": 100.0, "percent_covered_display": "100", "missing_lines": 0, "excluded_lines": 0}, "missing_lines": [], "excluded_lines": []}, "IterationResult": {"executed_lines": [], "summary": {"covered_lines": 0, "num_statements": 0, "percent_covered": 100.0, "percent_covered_display": "100", "missing_lines": 0, "excluded_lines": 0}, "missing_lines": [], "excluded_lines": []}, "LoopStats": {"executed_lines": [], "summary": {"covered_lines": 0, "num_statements": 0, "percent_covered": 100.0, "percent_covered_display": "100", "missing_lines": 0, "excluded_lines": 0}, "missing_lines": [], "excluded_lines": []}, "EvaluationResult": {"executed_lines": [90, 99], "summary": {"covered_lines": 2, "num_statements": 2, "percent_covered": 100.0, "percent_covered_display": "100", "missing_lines": 0, "excluded_lines": 0}, "missing_lines": [], "excluded_lines": []}, "ParallelEvalResult": {"executed_lines": [], "summary": {"covered_lines": 0, "num_statements": 0, "percent_covered": 100.0, "percent_covered_display": "100", "missing_lines": 0, "excluded_lines": 0}, "missing_lines": [], "excluded_lines": []}, "BudgetInfo": {"executed_lines": [], "summary": {"covered_lines": 0, "num_statements": 4, "percent_covered": 0.0, "percent_covered_display": "0", "missing_lines": 4, "excluded_lines": 0}, "missing_lines": [124, 128, 129, 130], "excluded_lines": []}, "CodeArtifact": {"executed_lines": [], "summary": {"covered_lines": 0, "num_statements": 0, "percent_covered": 100.0, "percent_covered_display": "100", "missing_lines": 0, "excluded_lines": 0}, "missing_lines": [], "excluded_lines": []}, "IterationReport": {"executed_lines": [], "summary": {"covered_lines": 0, "num_statements": 0, "percent_covered": 100.0, "percent_covered_display": "100", "missing_lines": 0, "excluded_lines": 0}, "missing_lines": [], "excluded_lines": []}, "SessionReport": {"executed_lines": [], "summary": {"covered_lines": 0, "num_statements": 0, "percent_covered": 100.0, "percent_covered_display": "100", "missing_lines": 0, "excluded_lines": 0}, "missing_lines": [], "excluded_lines": []}, "": {"executed_lines": [1, 10, 12, 13, 14, 15, 17, 21, 22, 23, 24, 27, 28, 29, 30, 33, 34, 35, 36, 37, 38, 41, 42, 43, 44, 45, 46, 47, 48, 49, 50, 51, 52, 53, 54, 55, 58, 59, 60, 61, 62, 63, 64, 65, 66, 67, 70, 71, 72, 73, 74, 75, 76, 77, 80, 81, 82, 83, 84, 85, 86, 88, 89, 97, 98, 108, 109, 110, 111, 112, 113, 116, 117, 118, 119, 120, 122, 123, 126, 127, 133, 134, 135, 136, 137, 138, 141, 142, 143, 144, 145, 146, 147, 148, 149, 150, 153, 154, 155, 156, 157, 158, 159, 160, 161, 162, 163, 164, 165], "summary": {"covered_lines": 108, "num_statements": 109, "percent_covered": 99.08256880733946, "percent_covered_display": "99", "missing_lines": 1, "excluded_lines": 0}, "missing_lines": [18], "excluded_lines": []}}}, "tools/muscle/webhook_notifier.py": {"executed_lines": [1, 11, 13, 14, 15, 16, 17, 18, 19, 21, 23, 26, 27, 28, 29, 30, 31, 32, 35, 36, 37, 38, 39, 40, 43, 44, 45, 46, 48, 49, 50, 52, 54, 55, 57, 58, 59, 64, 65, 66, 70, 71, 72, 74, 76, 83, 84, 85, 86, 90, 91, 93, 102, 103, 109, 112, 113, 119], "summary": {"covered_lines": 57, "num_statements": 64, "percent_covered": 89.0625, "percent_covered_display": "89", "missing_lines": 7, "excluded_lines": 0}, "missing_lines": [68, 69, 87, 88, 96, 110, 120], "excluded_lines": [], "functions": {"WebhookNotifier.__init__": {"executed_lines": [45, 46], "summary": {"covered_lines": 2, "num_statements": 2, "percent_covered": 100.0, "percent_covered_display": "100", "missing_lines": 0, "excluded_lines": 0}, "missing_lines": [], "excluded_lines": []}, "WebhookNotifier.enabled": {"executed_lines": [50], "summary": {"covered_lines": 1, "num_statements": 1, "percent_covered": 100.0, "percent_covered_display": "100", "missing_lines": 0, "excluded_lines": 0}, "missing_lines": [], "excluded_lines": []}, "WebhookNotifier._send_async": {"executed_lines": [54, 55, 57, 58, 59, 64, 65, 66, 70, 71, 72], "summary": {"covered_lines": 11, "num_statements": 13, "percent_covered": 84.61538461538461, "percent_covered_display": "85", "missing_lines": 2, "excluded_lines": 0}, "missing_lines": [68, 69], "excluded_lines": []}, "WebhookNotifier.send": {"executed_lines": [76, 83, 84, 85, 86], "summary": {"covered_lines": 5, "num_statements": 7, "percent_covered": 71.42857142857143, "percent_covered_display": "71", "missing_lines": 2, "excluded_lines": 0}, "missing_lines": [87, 88], "excluded_lines": []}, "WebhookNotifier.send_session_start": {"executed_lines": [91], "summary": {"covered_lines": 1, "num_statements": 1, "percent_covered": 100.0, "percent_covered_display": "100", "missing_lines": 0, "excluded_lines": 0}, "missing_lines": [], "excluded_lines": []}, "WebhookNotifier.send_iteration_complete": {"executed_lines": [], "summary": {"covered_lines": 0, "num_statements": 1, "percent_covered": 0.0, "percent_covered_display": "0", "missing_lines": 1, "excluded_lines": 0}, "missing_lines": [96], "excluded_lines": []}, "WebhookNotifier.send_session_success": {"executed_lines": [103], "summary": {"covered_lines": 1, "num_statements": 1, "percent_covered": 100.0, "percent_covered_display": "100", "missing_lines": 0, "excluded_lines": 0}, "missing_lines": [], "excluded_lines": []}, "WebhookNotifier.send_session_failure": {"executed_lines": [], "summary": {"covered_lines": 0, "num_statements": 1, "percent_covered": 0.0, "percent_covered_display": "0", "missing_lines": 1, "excluded_lines": 0}, "missing_lines": [110], "excluded_lines": []}, "WebhookNotifier.send_budget_warning": {"executed_lines": [113], "summary": {"covered_lines": 1, "num_statements": 1, "percent_covered": 100.0, "percent_covered_display": "100", "missing_lines": 0, "excluded_lines": 0}, "missing_lines": [], "excluded_lines": []}, "WebhookNotifier.send_budget_exceeded": {"executed_lines": [], "summary": {"covered_lines": 0, "num_statements": 1, "percent_covered": 0.0, "percent_covered_display": "0", "missing_lines": 1, "excluded_lines": 0}, "missing_lines": [120], "excluded_lines": []}, "": {"executed_lines": [1, 11, 13, 14, 15, 16, 17, 18, 19, 21, 23, 26, 27, 28, 29, 30, 31, 32, 35, 36, 37, 38, 39, 40, 43, 44, 48, 49, 52, 74, 90, 93, 102, 109, 112, 119], "summary": {"covered_lines": 35, "num_statements": 35, "percent_covered": 100.0, "percent_covered_display": "100", "missing_lines": 0, "excluded_lines": 0}, "missing_lines": [], "excluded_lines": []}}, "classes": {"WebhookEvent": {"executed_lines": [], "summary": {"covered_lines": 0, "num_statements": 0, "percent_covered": 100.0, "percent_covered_display": "100", "missing_lines": 0, "excluded_lines": 0}, "missing_lines": [], "excluded_lines": []}, "WebhookPayload": {"executed_lines": [], "summary": {"covered_lines": 0, "num_statements": 0, "percent_covered": 100.0, "percent_covered_display": "100", "missing_lines": 0, "excluded_lines": 0}, "missing_lines": [], "excluded_lines": []}, "WebhookNotifier": {"executed_lines": [45, 46, 50, 54, 55, 57, 58, 59, 64, 65, 66, 70, 71, 72, 76, 83, 84, 85, 86, 91, 103, 113], "summary": {"covered_lines": 22, "num_statements": 29, "percent_covered": 75.86206896551724, "percent_covered_display": "76", "missing_lines": 7, "excluded_lines": 0}, "missing_lines": [68, 69, 87, 88, 96, 110, 120], "excluded_lines": []}, "": {"executed_lines": [1, 11, 13, 14, 15, 16, 17, 18, 19, 21, 23, 26, 27, 28, 29, 30, 31, 32, 35, 36, 37, 38, 39, 40, 43, 44, 48, 49, 52, 74, 90, 93, 102, 109, 112, 119], "summary": {"covered_lines": 35, "num_statements": 35, "percent_covered": 100.0, "percent_covered_display": "100", "missing_lines": 0, "excluded_lines": 0}, "missing_lines": [], "excluded_lines": []}}}}, "totals": {"covered_lines": 4196, "num_statements": 6928, "percent_covered": 60.56581986143187, "percent_covered_display": "61", "missing_lines": 2732, "excluded_lines": 0}}